{
  "RSpec": {
    "coverage": {
      "/data/home/ubuntu/Desktop/theinternappfinalversion-623716-ruby/template-app/spec/rails_helper.rb": [
        null,
        1,
        1,
        1,
        1,
        null,
        1,
        1,
        1,
        null,
        1,
        1,
        null,
        null,
        1,
        0,
        null,
        null,
        1,
        0,
        null,
        null,
        null,
        null,
        null,
        null,
        null,
        null,
        null,
        null,
        null,
        null,
        null,
        null,
        null,
        null,
        null,
        null,
        null,
        null,
        1,
        null,
        0,
        0,
        null,
        1,
        null,
        1,
        1,
        null,
        1,
        1,
        null,
        null,
        null,
        1,
        null,
        null,
        null,
        null,
        null,
        null,
        null,
        null,
        null,
        null,
        null,
        null,
        null,
        null,
        null,
        null,
        null,
        1,
        1,
        1,
        1,
        1,
        null,
        null,
        null,
        null,
        1,
        null,
        null,
        null
      ],
      "/data/home/ubuntu/Desktop/theinternappfinalversion-623716-ruby/template-app/config/environment.rb": [
        null,
        1,
        null,
        null,
        1
      ],
      "/data/home/ubuntu/Desktop/theinternappfinalversion-623716-ruby/template-app/config/application.rb": [
        1,
        null,
        1,
        1,
        null,
        1,
        1,
        1,
        1,
        1,
        1,
        1,
        1,
        1,
        1,
        null,
        null,
        null,
        null,
        null,
        1,
        null,
        1,
        1,
        null,
        1,
        null,
        null,
        null,
        null,
        null,
        null,
        null,
        null,
        null,
        1,
        1,
        1,
        1,
        1,
        null,
        null,
        1,
        1,
        1,
        1,
        null,
        1,
        1,
        null,
        null
      ],
      "/data/home/ubuntu/Desktop/theinternappfinalversion-623716-ruby/template-app/config/boot.rb": [
        1,
        null,
        1
      ],
      "/data/home/ubuntu/Desktop/theinternappfinalversion-623716-ruby/template-app/config/environments/test.rb": [
        null,
        null,
        null,
        null,
        null,
        1,
        1,
        null,
        null,
        1,
        1,
        null,
        null,
        null,
        1,
        null,
        null,
        1,
        1,
        null,
        null,
        null,
        null,
        1,
        1,
        1,
        null,
        null,
        1,
        null,
        null,
        1,
        null,
        null,
        1,
        null,
        1,
        null,
        null,
        null,
        null,
        1,
        null,
        null,
        1,
        null,
        null,
        null,
        null
      ],
      "/data/home/ubuntu/Desktop/theinternappfinalversion-623716-ruby/template-app/app/commands/bx_block_builder_analytics/handle_analytics_event.rb": [
        null,
        null,
        1,
        1,
        null,
        1,
        1,
        1,
        null,
        1,
        0,
        0,
        0,
        null,
        null,
        1,
        0,
        0,
        0,
        null,
        0,
        0,
        0,
        null,
        null,
        0,
        null,
        null,
        null,
        0,
        null,
        0,
        null,
        null,
        null
      ],
      "/data/home/ubuntu/Desktop/theinternappfinalversion-623716-ruby/template-app/app/commands/bx_block_analytics/handle_analytics_event.rb": [
        null,
        null,
        1,
        1,
        1,
        1,
        0,
        null,
        null,
        1,
        0,
        null,
        null,
        null
      ],
      "/data/home/ubuntu/Desktop/theinternappfinalversion-623716-ruby/template-app/config/initializers/active_admin.rb": [
        1,
        null,
        null,
        null,
        null,
        null,
        1,
        null,
        null,
        null,
        null,
        null,
        null,
        null,
        null,
        null,
        null,
        null,
        null,
        null,
        null,
        null,
        null,
        null,
        null,
        null,
        null,
        null,
        null,
        null,
        null,
        null,
        null,
        null,
        null,
        null,
        null,
        null,
        null,
        null,
        null,
        null,
        null,
        null,
        null,
        null,
        null,
        null,
        null,
        null,
        null,
        null,
        null,
        null,
        null,
        null,
        1,
        null,
        null,
        null,
        null,
        null,
        null,
        null,
        null,
        null,
        null,
        null,
        null,
        null,
        null,
        null,
        null,
        null,
        null,
        null,
        null,
        null,
        null,
        null,
        null,
        null,
        null,
        null,
        null,
        null,
        null,
        null,
        null,
        null,
        null,
        null,
        null,
        1,
        null,
        null,
        null,
        null,
        null,
        null,
        null,
        null,
        null,
        null,
        null,
        1,
        null,
        null,
        null,
        null,
        null,
        null,
        null,
        null,
        null,
        null,
        null,
        null,
        null,
        null,
        null,
        null,
        null,
        null,
        null,
        null,
        1,
        null,
        null,
        null,
        null,
        null,
        null,
        null,
        null,
        null,
        null,
        null,
        null,
        null,
        null,
        null,
        null,
        null,
        null,
        1,
        null,
        null,
        null,
        null,
        null,
        null,
        null,
        null,
        null,
        null,
        null,
        null,
        null,
        1,
        null,
        null,
        null,
        null,
        null,
        null,
        null,
        null,
        null,
        null,
        1,
        null,
        null,
        null,
        null,
        null,
        null,
        null,
        null,
        null,
        null,
        null,
        null,
        null,
        null,
        null,
        null,
        null,
        null,
        null,
        null,
        null,
        null,
        null,
        null,
        null,
        null,
        null,
        null,
        null,
        null,
        null,
        null,
        null,
        null,
        null,
        null,
        null,
        null,
        null,
        null,
        null,
        null,
        null,
        null,
        null,
        null,
        null,
        null,
        null,
        null,
        null,
        null,
        null,
        null,
        null,
        null,
        null,
        null,
        null,
        null,
        null,
        null,
        null,
        null,
        null,
        null,
        null,
        null,
        null,
        null,
        null,
        null,
        null,
        null,
        null,
        null,
        null,
        null,
        null,
        null,
        null,
        null,
        null,
        1,
        null,
        null,
        null,
        null,
        null,
        1,
        null,
        null,
        null,
        null,
        null,
        null,
        null,
        null,
        null,
        null,
        null,
        null,
        null,
        null,
        null,
        null,
        null,
        null,
        null,
        null,
        null,
        null,
        null,
        null,
        null,
        null,
        null,
        null,
        null,
        null,
        null,
        null,
        null,
        null,
        null,
        null,
        null,
        null,
        null,
        null,
        null,
        null,
        null,
        null,
        null,
        null,
        null,
        null,
        null,
        null,
        null,
        null,
        null,
        null,
        null,
        null,
        null,
        null,
        null,
        null,
        null,
        null,
        null,
        null,
        null,
        null,
        null,
        null,
        null,
        null,
        null,
        null,
        null,
        null,
        1,
        1,
        1,
        null,
        1,
        1,
        null
      ],
      "/data/home/ubuntu/Desktop/theinternappfinalversion-623716-ruby/template-app/config/initializers/application_controller_renderer.rb": [
        null,
        null,
        null,
        null,
        null,
        null,
        null,
        null
      ],
      "/data/home/ubuntu/Desktop/theinternappfinalversion-623716-ruby/template-app/config/initializers/backtrace_silencers.rb": [
        null,
        null,
        null,
        null,
        null,
        null,
        null
      ],
      "/data/home/ubuntu/Desktop/theinternappfinalversion-623716-ruby/template-app/config/initializers/builder_analytics.rb": [
        null,
        null,
        1,
        null,
        1,
        1
      ],
      "/data/home/ubuntu/Desktop/theinternappfinalversion-623716-ruby/template-app/config/initializers/bx_block_stripe_integration.rb": [
        1,
        1,
        1,
        null
      ],
      "/data/home/ubuntu/Desktop/theinternappfinalversion-623716-ruby/template-app/config/initializers/cors.rb": [
        null,
        null,
        null,
        null,
        null,
        null,
        null,
        null,
        null,
        null,
        null,
        null,
        null,
        null,
        null,
        null
      ],
      "/data/home/ubuntu/Desktop/theinternappfinalversion-623716-ruby/template-app/config/initializers/devise.rb": [
        null,
        null,
        null,
        null,
        null,
        null,
        null,
        null,
        null,
        null,
        1,
        null,
        null,
        null,
        null,
        null,
        null,
        null,
        null,
        null,
        null,
        null,
        null,
        null,
        null,
        null,
        1,
        null,
        null,
        null,
        null,
        null,
        null,
        null,
        null,
        null,
        null,
        null,
        1,
        null,
        null,
        null,
        null,
        null,
        null,
        null,
        null,
        null,
        null,
        null,
        null,
        null,
        null,
        null,
        null,
        null,
        null,
        null,
        null,
        null,
        1,
        null,
        null,
        null,
        null,
        1,
        null,
        null,
        null,
        null,
        null,
        null,
        null,
        null,
        null,
        null,
        null,
        null,
        null,
        null,
        null,
        null,
        null,
        null,
        null,
        null,
        null,
        null,
        null,
        null,
        null,
        null,
        null,
        null,
        null,
        null,
        null,
        null,
        null,
        1,
        null,
        null,
        null,
        null,
        null,
        null,
        null,
        null,
        null,
        null,
        null,
        null,
        null,
        null,
        null,
        null,
        null,
        null,
        null,
        null,
        null,
        null,
        null,
        null,
        null,
        1,
        null,
        null,
        null,
        null,
        null,
        null,
        null,
        null,
        null,
        null,
        null,
        null,
        null,
        null,
        null,
        null,
        null,
        null,
        null,
        null,
        null,
        null,
        null,
        null,
        null,
        null,
        null,
        null,
        null,
        null,
        null,
        null,
        null,
        1,
        null,
        null,
        null,
        null,
        null,
        null,
        null,
        null,
        null,
        1,
        null,
        null,
        null,
        null,
        null,
        null,
        null,
        null,
        null,
        null,
        1,
        null,
        null,
        null,
        null,
        1,
        null,
        null,
        null,
        null,
        null,
        null,
        null,
        null,
        null,
        null,
        null,
        null,
        null,
        null,
        null,
        null,
        null,
        null,
        null,
        null,
        null,
        null,
        null,
        null,
        null,
        null,
        null,
        null,
        null,
        null,
        null,
        null,
        null,
        null,
        null,
        null,
        null,
        null,
        null,
        null,
        1,
        null,
        null,
        null,
        null,
        null,
        null,
        null,
        null,
        null,
        null,
        null,
        null,
        null,
        null,
        null,
        null,
        null,
        null,
        null,
        null,
        null,
        null,
        null,
        null,
        null,
        null,
        null,
        null,
        null,
        null,
        null,
        null,
        null,
        null,
        null,
        null,
        null,
        null,
        null,
        null,
        null,
        1,
        null,
        null,
        null,
        null,
        null,
        null,
        null,
        null,
        null,
        null,
        null,
        null,
        null,
        null,
        null,
        null,
        null,
        null,
        null,
        null,
        null,
        null,
        null,
        null,
        null,
        null,
        null,
        null,
        null,
        null,
        null,
        null,
        null,
        null,
        null,
        null,
        null,
        null,
        null,
        null,
        null,
        null
      ],
      "/data/home/ubuntu/Desktop/theinternappfinalversion-623716-ruby/template-app/config/initializers/filter_parameter_logging.rb": [
        null,
        null,
        null,
        1
      ],
      "/data/home/ubuntu/Desktop/theinternappfinalversion-623716-ruby/template-app/config/initializers/inflections.rb": [
        null,
        null,
        null,
        null,
        null,
        null,
        null,
        null,
        null,
        null,
        null,
        null,
        null,
        null,
        null,
        null
      ],
      "/data/home/ubuntu/Desktop/theinternappfinalversion-623716-ruby/template-app/config/initializers/mime_types.rb": [
        null,
        null,
        null,
        null
      ],
      "/data/home/ubuntu/Desktop/theinternappfinalversion-623716-ruby/template-app/config/initializers/openai.rb": [
        1,
        1,
        null,
        1,
        1,
        null,
        null,
        1
      ],
      "/data/home/ubuntu/Desktop/theinternappfinalversion-623716-ruby/template-app/config/initializers/redis.rb": [
        null,
        1,
        1,
        1,
        null
      ],
      "/data/home/ubuntu/Desktop/theinternappfinalversion-623716-ruby/template-app/config/initializers/sidekiq.rb": [
        1,
        1,
        null,
        1,
        0,
        0,
        0,
        0,
        null,
        0,
        0,
        0,
        null,
        0,
        0,
        null,
        null,
        0,
        0,
        null,
        0,
        0,
        null,
        null,
        null
      ],
      "/data/home/ubuntu/Desktop/theinternappfinalversion-623716-ruby/template-app/config/initializers/will_paginate.rb": [
        1,
        1,
        1,
        1,
        1,
        1,
        null,
        null,
        1,
        1,
        null,
        null,
        null
      ],
      "/data/home/ubuntu/Desktop/theinternappfinalversion-623716-ruby/template-app/config/initializers/wrap_parameters.rb": [
        null,
        null,
        null,
        null,
        null,
        null,
        1,
        1,
        null,
        null,
        null,
        null,
        null,
        null
      ],
      "/data/home/ubuntu/Desktop/theinternappfinalversion-623716-ruby/template-app/app/models/bx_block_stripe_order_management/payment_intent_delegate.rb": [
        1,
        1,
        1,
        null,
        1,
        1,
        0,
        null,
        null,
        null,
        1,
        0,
        null,
        null,
        1,
        0,
        null,
        null,
        null,
        null,
        1,
        0,
        null,
        0,
        null,
        null,
        1,
        null,
        1,
        0,
        null,
        null,
        1,
        0,
        null,
        null,
        1,
        0,
        0,
        null,
        null,
        null,
        null,
        null,
        null,
        null,
        1,
        0,
        null,
        null,
        null
      ],
      "/data/home/ubuntu/Desktop/theinternappfinalversion-623716-ruby/template-app/app/models/account_block/account.rb": [
        1,
        1,
        1,
        1,
        null,
        1,
        null,
        1,
        1,
        1,
        1,
        1,
        1,
        1,
        1,
        1,
        1,
        1,
        1,
        1,
        1,
        1,
        1,
        1,
        1,
        1,
        1,
        1,
        1,
        null,
        1,
        null,
        1,
        1,
        null,
        1,
        null,
        1,
        1,
        1,
        null,
        1,
        null,
        1,
        0,
        null,
        null,
        1,
        0,
        null,
        null,
        1,
        0,
        0,
        null,
        null,
        1,
        0,
        null,
        null,
        1,
        0,
        null,
        null,
        null,
        1,
        0,
        null,
        null,
        1,
        0,
        0,
        0,
        null,
        0,
        null,
        null,
        1,
        0,
        0,
        0,
        null,
        0,
        null,
        null,
        null,
        null,
        null,
        null
      ],
      "/data/home/ubuntu/Desktop/theinternappfinalversion-623716-ruby/template-app/app/models/account_block/application_record.rb": [
        1,
        1,
        1,
        null,
        null
      ],
      "/data/home/ubuntu/Desktop/theinternappfinalversion-623716-ruby/template-app/app/models/builder_base/application_record.rb": [
        1,
        1,
        1,
        1,
        null,
        null
      ],
      "/data/home/ubuntu/Desktop/theinternappfinalversion-623716-ruby/template-app/app/models/application_record.rb": [
        1,
        1,
        1,
        null
      ],
      "/data/home/ubuntu/Desktop/theinternappfinalversion-623716-ruby/template-app/app/models/concerns/ransack_searchable.rb": [
        1,
        1,
        1,
        1,
        0,
        null,
        1,
        0,
        null,
        null,
        null
      ],
      "/data/home/ubuntu/Desktop/theinternappfinalversion-623716-ruby/template-app/app/concerns/bx_block_account_groups/patch_account_associations.rb": [
        1,
        1,
        1,
        null,
        1,
        1,
        1,
        1,
        null,
        null,
        1,
        0,
        null,
        null,
        null,
        null
      ],
      "/data/home/ubuntu/Desktop/theinternappfinalversion-623716-ruby/template-app/app/concerns/bx_block_terms_and_conditions/patch_account_block_associations.rb": [
        1,
        1,
        1,
        null,
        1,
        1,
        null,
        null,
        null,
        null,
        null
      ],
      "/data/home/ubuntu/Desktop/theinternappfinalversion-623716-ruby/template-app/app/concerns/bx_block_profile/patch_account_block.rb": [
        null,
        null,
        1,
        1,
        1,
        null,
        1,
        1,
        null,
        null,
        null
      ],
      "/data/home/ubuntu/Desktop/theinternappfinalversion-623716-ruby/template-app/app/concerns/bx_block_posts/patch_account_block_associations.rb": [
        1,
        1,
        1,
        null,
        1,
        1,
        1,
        null,
        null,
        null,
        null
      ],
      "/data/home/ubuntu/Desktop/theinternappfinalversion-623716-ruby/template-app/app/concerns/bx_block_stripe_integration/patch_account_block_associations.rb": [
        1,
        1,
        1,
        null,
        1,
        1,
        null,
        null,
        null
      ],
      "/data/home/ubuntu/Desktop/theinternappfinalversion-623716-ruby/template-app/app/concerns/bx_block_bulk_uploading/patch_account_block_associations.rb": [
        null,
        null,
        1,
        1,
        1,
        null,
        1,
        1,
        null,
        null,
        null
      ],
      "/data/home/ubuntu/Desktop/theinternappfinalversion-623716-ruby/template-app/app/concerns/bx_block_push_notifications/patch_account_block_associations.rb": [
        1,
        1,
        1,
        null,
        1,
        1,
        null,
        null,
        null,
        null,
        1,
        null,
        null,
        null,
        1,
        null,
        null,
        null
      ],
      "/data/home/ubuntu/Desktop/theinternappfinalversion-623716-ruby/template-app/app/concerns/bx_block_like/patch_account_block_associations.rb": [
        1,
        1,
        1,
        null,
        1,
        1,
        null,
        null,
        null,
        null,
        null,
        null
      ],
      "/data/home/ubuntu/Desktop/theinternappfinalversion-623716-ruby/template-app/app/concerns/bx_block_profile_bio/patch_account_block.rb": [
        null,
        null,
        null,
        1,
        null,
        1,
        1,
        null,
        1,
        1,
        null,
        1,
        null,
        1,
        1,
        1,
        1,
        null,
        1,
        0,
        null,
        null,
        null,
        null,
        null
      ],
      "/data/home/ubuntu/Desktop/theinternappfinalversion-623716-ruby/template-app/app/concerns/bx_block_attachment/patch_account_block_associations.rb": [
        1,
        1,
        1,
        null,
        1,
        1,
        1,
        null,
        null,
        null,
        null
      ],
      "/data/home/ubuntu/Desktop/theinternappfinalversion-623716-ruby/template-app/app/concerns/bx_block_subscriptions/patch_account_chats_associations.rb": [
        1,
        1,
        1,
        null,
        1,
        1,
        1,
        null,
        null,
        null
      ],
      "/data/home/ubuntu/Desktop/theinternappfinalversion-623716-ruby/template-app/app/concern/bx_block_appointment_management/patch_account_block.rb": [
        null,
        null,
        1,
        1,
        1,
        1,
        1,
        null,
        null,
        null
      ],
      "/data/home/ubuntu/Desktop/theinternappfinalversion-623716-ruby/template-app/app/models/bx_block_location/location.rb": [
        1,
        1,
        1,
        1,
        null,
        1,
        null,
        null
      ],
      "/data/home/ubuntu/Desktop/theinternappfinalversion-623716-ruby/template-app/app/models/bx_block_location/application_record.rb": [
        1,
        1,
        1,
        null,
        null
      ],
      "/data/home/ubuntu/Desktop/theinternappfinalversion-623716-ruby/template-app/app/concerns/bx_block_profile_bio/patch_location_block.rb": [
        null,
        null,
        1,
        1,
        1,
        null,
        1,
        1,
        null,
        null,
        null
      ],
      "/data/home/ubuntu/Desktop/theinternappfinalversion-623716-ruby/template-app/app/services/bx_block_profile/update_account_validator.rb": [
        null,
        null,
        1,
        1,
        1,
        null,
        null,
        1,
        null,
        null,
        null,
        null,
        null,
        null,
        1,
        null,
        1,
        1,
        1,
        1,
        1,
        1,
        null,
        1,
        0,
        null,
        0,
        null,
        0,
        0,
        null,
        null,
        null,
        1,
        0,
        null,
        0,
        null,
        null,
        1,
        0,
        null,
        0,
        null,
        0,
        0,
        0,
        null,
        0,
        0,
        null,
        null,
        0,
        null,
        null,
        1,
        null,
        1,
        0,
        null,
        0,
        0,
        null,
        null,
        1,
        0,
        null,
        0,
        null,
        0,
        null,
        null,
        1,
        0,
        null,
        0,
        0,
        null,
        null,
        1,
        0,
        null,
        0,
        0,
        null,
        null,
        null,
        null
      ],
      "/data/home/ubuntu/Desktop/theinternappfinalversion-623716-ruby/template-app/app/services/bx_block_profile_bio/patch_update_account_validator.rb": [
        null,
        null,
        null,
        null,
        1,
        null,
        1,
        1,
        1,
        null,
        1,
        null,
        null,
        null,
        null,
        null,
        null,
        1,
        null,
        1,
        0,
        0,
        0,
        0,
        0,
        0,
        null,
        0,
        0,
        null,
        null,
        null,
        1,
        null,
        1,
        0,
        0,
        null,
        null,
        null,
        null,
        null,
        null,
        1,
        0,
        null,
        0,
        0,
        0,
        0,
        null,
        0,
        null,
        null,
        1,
        0,
        0,
        0,
        null,
        null,
        null,
        null,
        null,
        null,
        null
      ],
      "/data/home/ubuntu/Desktop/theinternappfinalversion-623716-ruby/template-app/spec/factories/academic_levels.rb": [
        1,
        1,
        1,
        null,
        null
      ],
      "/data/home/ubuntu/Desktop/theinternappfinalversion-623716-ruby/template-app/spec/factories/accounts.rb": [
        1,
        1,
        1,
        1,
        1,
        null,
        null
      ],
      "/data/home/ubuntu/Desktop/theinternappfinalversion-623716-ruby/template-app/spec/factories/admin_notifications.rb": [
        1,
        1,
        1,
        null,
        1,
        1,
        0,
        0,
        null,
        null,
        null,
        null
      ],
      "/data/home/ubuntu/Desktop/theinternappfinalversion-623716-ruby/template-app/spec/factories/admin_user.rb": [
        1,
        1,
        1,
        1,
        null,
        null
      ],
      "/data/home/ubuntu/Desktop/theinternappfinalversion-623716-ruby/template-app/app/models/admin_user.rb": [
        1,
        null,
        null,
        1,
        null,
        null
      ],
      "/data/home/ubuntu/Desktop/theinternappfinalversion-623716-ruby/template-app/spec/factories/business_user.rb": [
        1,
        1,
        1,
        1,
        null,
        null
      ],
      "/data/home/ubuntu/Desktop/theinternappfinalversion-623716-ruby/template-app/spec/factories/bx_block_block_users/block_user.rb": [
        1,
        1,
        1,
        1,
        null,
        null
      ],
      "/data/home/ubuntu/Desktop/theinternappfinalversion-623716-ruby/template-app/spec/factories/bx_block_chat/prompt_manager.rb": [
        null,
        1,
        1,
        1,
        null,
        null
      ],
      "/data/home/ubuntu/Desktop/theinternappfinalversion-623716-ruby/template-app/spec/factories/bx_block_chat/prompt_version.rb": [
        1,
        1,
        1,
        1,
        1,
        null,
        null
      ],
      "/data/home/ubuntu/Desktop/theinternappfinalversion-623716-ruby/template-app/spec/factories/bx_block_chatgpt3/chatbot_interviews.rb": [
        1,
        1,
        1,
        1,
        1,
        1,
        1,
        1,
        null,
        null
      ],
      "/data/home/ubuntu/Desktop/theinternappfinalversion-623716-ruby/template-app/spec/factories/bx_block_chatgpt3/chatbot_responses.rb": [
        1,
        1,
        1,
        1,
        1,
        1,
        1,
        null,
        null
      ],
      "/data/home/ubuntu/Desktop/theinternappfinalversion-623716-ruby/template-app/spec/factories/bx_block_favourites/follow.rb": [
        1,
        1,
        1,
        1,
        1,
        null,
        null
      ],
      "/data/home/ubuntu/Desktop/theinternappfinalversion-623716-ruby/template-app/spec/factories/bx_block_help_centre/faqs.rb": [
        1,
        1,
        1,
        1,
        1,
        null,
        null
      ],
      "/data/home/ubuntu/Desktop/theinternappfinalversion-623716-ruby/template-app/spec/factories/bx_block_navmenu/account_internships.rb": [
        1,
        1,
        1,
        1,
        1,
        1,
        1,
        1,
        1,
        null,
        null
      ],
      "/data/home/ubuntu/Desktop/theinternappfinalversion-623716-ruby/template-app/spec/factories/bx_block_navmenu/internships.rb": [
        1,
        1,
        1,
        1,
        1,
        1,
        1,
        1,
        1,
        1,
        1,
        1,
        1,
        1,
        null,
        1,
        null,
        null,
        null,
        null
      ],
      "/data/home/ubuntu/Desktop/theinternappfinalversion-623716-ruby/template-app/spec/factories/bx_block_posts/post.rb": [
        1,
        1,
        1,
        1,
        1,
        1,
        null,
        null
      ],
      "/data/home/ubuntu/Desktop/theinternappfinalversion-623716-ruby/template-app/spec/factories/bx_block_profile/profile.rb": [
        1,
        1,
        1,
        1,
        null,
        1,
        1,
        0,
        0,
        null,
        null,
        null,
        null
      ],
      "/data/home/ubuntu/Desktop/theinternappfinalversion-623716-ruby/template-app/spec/factories/bx_block_profile/report.rb": [
        1,
        1,
        1,
        1,
        null,
        1,
        1,
        null,
        1,
        1,
        1,
        null,
        null,
        1,
        1,
        1,
        null,
        null,
        null
      ],
      "/data/home/ubuntu/Desktop/theinternappfinalversion-623716-ruby/template-app/spec/factories/bx_block_recommendation/recommendations.rb": [
        1,
        1,
        1,
        1,
        1,
        null,
        null
      ],
      "/data/home/ubuntu/Desktop/theinternappfinalversion-623716-ruby/template-app/spec/factories/bx_block_request_managemen/request_interviews.rb": [
        null,
        1,
        1,
        1,
        1,
        1,
        null,
        1,
        1,
        null,
        1,
        1,
        null,
        null,
        1,
        1,
        null,
        null,
        null
      ],
      "/data/home/ubuntu/Desktop/theinternappfinalversion-623716-ruby/template-app/spec/factories/bx_block_surveys/business_user_generic_answers.rb": [
        1,
        1,
        1,
        1,
        1,
        1,
        null,
        1,
        1,
        null,
        null
      ],
      "/data/home/ubuntu/Desktop/theinternappfinalversion-623716-ruby/template-app/spec/factories/bx_block_surveys/business_user_generic_questions.rb": [
        1,
        1,
        1,
        1,
        1,
        null,
        null
      ],
      "/data/home/ubuntu/Desktop/theinternappfinalversion-623716-ruby/template-app/spec/factories/bx_block_surveys/contact_interns.rb": [
        1,
        1,
        1,
        1,
        1,
        null,
        null
      ],
      "/data/home/ubuntu/Desktop/theinternappfinalversion-623716-ruby/template-app/spec/factories/bx_block_surveys/intern_characteristic_importances.rb": [
        1,
        1,
        1,
        1,
        1,
        null,
        null
      ],
      "/data/home/ubuntu/Desktop/theinternappfinalversion-623716-ruby/template-app/spec/factories/bx_block_surveys/intern_user_generic_answers.rb": [
        1,
        1,
        null,
        1,
        1,
        1,
        1,
        null,
        null
      ],
      "/data/home/ubuntu/Desktop/theinternappfinalversion-623716-ruby/template-app/spec/factories/bx_block_surveys/intern_user_generic_questions.rb": [
        1,
        1,
        1,
        1,
        1,
        null,
        null
      ],
      "/data/home/ubuntu/Desktop/theinternappfinalversion-623716-ruby/template-app/spec/factories/bx_block_surveys/options.rb": [
        1,
        1,
        1,
        null,
        null,
        null
      ],
      "/data/home/ubuntu/Desktop/theinternappfinalversion-623716-ruby/template-app/spec/factories/bx_block_surveys/questions.rb": [
        1,
        1,
        1,
        1,
        1,
        1,
        1,
        1,
        null,
        1,
        0,
        0,
        null,
        null,
        null,
        null,
        null
      ],
      "/data/home/ubuntu/Desktop/theinternappfinalversion-623716-ruby/template-app/spec/factories/bx_block_surveys/versions.rb": [
        1,
        1,
        1,
        1,
        null,
        null
      ],
      "/data/home/ubuntu/Desktop/theinternappfinalversion-623716-ruby/template-app/spec/factories/bx_block_terms_and_conditions/privacy_policies.rb": [
        1,
        1,
        1,
        1,
        null,
        null
      ],
      "/data/home/ubuntu/Desktop/theinternappfinalversion-623716-ruby/template-app/app/models/bx_block_terms_and_conditions/privacy_policy.rb": [
        1,
        1,
        1,
        1,
        null,
        null,
        null,
        1,
        1,
        null,
        null,
        null,
        null
      ],
      "/data/home/ubuntu/Desktop/theinternappfinalversion-623716-ruby/template-app/app/models/bx_block_terms_and_conditions/application_record.rb": [
        1,
        1,
        1,
        null,
        null
      ],
      "/data/home/ubuntu/Desktop/theinternappfinalversion-623716-ruby/template-app/spec/factories/bx_block_terms_and_conditions/terms_and_conditions.rb": [
        1,
        1,
        1,
        1,
        null,
        null
      ],
      "/data/home/ubuntu/Desktop/theinternappfinalversion-623716-ruby/template-app/app/models/bx_block_terms_and_conditions/terms_and_condition.rb": [
        1,
        1,
        1,
        null,
        null,
        null,
        1,
        1,
        null,
        null,
        null,
        null
      ],
      "/data/home/ubuntu/Desktop/theinternappfinalversion-623716-ruby/template-app/spec/factories/career_interests.rb": [
        1,
        1,
        1,
        1,
        1,
        1,
        null,
        null
      ],
      "/data/home/ubuntu/Desktop/theinternappfinalversion-623716-ruby/template-app/spec/factories/catalogue_recommends.rb": [
        1,
        1,
        1,
        1,
        null,
        null,
        null
      ],
      "/data/home/ubuntu/Desktop/theinternappfinalversion-623716-ruby/template-app/spec/factories/cities.rb": [
        1,
        1,
        1,
        1,
        null,
        null
      ],
      "/data/home/ubuntu/Desktop/theinternappfinalversion-623716-ruby/template-app/spec/factories/company_details.rb": [
        1,
        1,
        1,
        1,
        1,
        1,
        1,
        1,
        1,
        1,
        null,
        null
      ],
      "/data/home/ubuntu/Desktop/theinternappfinalversion-623716-ruby/template-app/spec/factories/countries.rb": [
        1,
        1,
        1,
        null,
        null,
        null
      ],
      "/data/home/ubuntu/Desktop/theinternappfinalversion-623716-ruby/template-app/spec/factories/educational_statuses.rb": [
        null,
        1,
        1,
        1,
        null,
        null
      ],
      "/data/home/ubuntu/Desktop/theinternappfinalversion-623716-ruby/template-app/spec/factories/industries.rb": [
        1,
        1,
        1,
        null,
        null
      ],
      "/data/home/ubuntu/Desktop/theinternappfinalversion-623716-ruby/template-app/spec/factories/inquire_details.rb": [
        1,
        1,
        1,
        1,
        1,
        1,
        null,
        null
      ],
      "/data/home/ubuntu/Desktop/theinternappfinalversion-623716-ruby/template-app/app/models/bx_block_help_centre/contact_us.rb": [
        1,
        1,
        1,
        null,
        1,
        null,
        1,
        1,
        1,
        1,
        null,
        null
      ],
      "/data/home/ubuntu/Desktop/theinternappfinalversion-623716-ruby/template-app/app/models/bx_block_help_centre/application_record.rb": [
        1,
        1,
        1,
        null,
        null
      ],
      "/data/home/ubuntu/Desktop/theinternappfinalversion-623716-ruby/template-app/spec/factories/intern_characteristics.rb": [
        1,
        1,
        1,
        null,
        null
      ],
      "/data/home/ubuntu/Desktop/theinternappfinalversion-623716-ruby/template-app/spec/factories/intern_users.rb": [
        1,
        1,
        1,
        1,
        1,
        1,
        1,
        null,
        null
      ],
      "/data/home/ubuntu/Desktop/theinternappfinalversion-623716-ruby/template-app/app/models/account_block/intern_user.rb": [
        1,
        1,
        1,
        1,
        1,
        1,
        1,
        1,
        1,
        1,
        1,
        1,
        null,
        null,
        1,
        1,
        null,
        1,
        1,
        null,
        1,
        null,
        null,
        1,
        1,
        null,
        1,
        null,
        1,
        0,
        null,
        null,
        1,
        0,
        0,
        null,
        null,
        null,
        1,
        0,
        0,
        null,
        0,
        0,
        0,
        0,
        null,
        null,
        null,
        null
      ],
      "/data/home/ubuntu/Desktop/theinternappfinalversion-623716-ruby/template-app/spec/factories/issue_type.rb": [
        1,
        1,
        1,
        null,
        null
      ],
      "/data/home/ubuntu/Desktop/theinternappfinalversion-623716-ruby/template-app/spec/factories/notification.rb": [
        1,
        1,
        1,
        1,
        1,
        1,
        1,
        1,
        1,
        null,
        null,
        null,
        null
      ],
      "/data/home/ubuntu/Desktop/theinternappfinalversion-623716-ruby/template-app/spec/factories/restricted_word.rb": [
        1,
        1,
        1,
        null,
        null
      ],
      "/data/home/ubuntu/Desktop/theinternappfinalversion-623716-ruby/template-app/spec/factories/roles.rb": [
        1,
        1,
        1,
        1,
        null,
        null
      ],
      "/data/home/ubuntu/Desktop/theinternappfinalversion-623716-ruby/template-app/spec/factories/school_educations.rb": [
        1,
        1,
        1,
        1,
        1,
        1,
        1,
        1,
        1,
        1,
        1,
        1,
        null,
        null
      ],
      "/data/home/ubuntu/Desktop/theinternappfinalversion-623716-ruby/template-app/spec/factories/schools.rb": [
        1,
        1,
        1,
        1,
        null,
        null
      ],
      "/data/home/ubuntu/Desktop/theinternappfinalversion-623716-ruby/template-app/spec/factories/surveys.rb": [
        1,
        1,
        1,
        1,
        1,
        1,
        null,
        null
      ],
      "/data/home/ubuntu/Desktop/theinternappfinalversion-623716-ruby/template-app/spec/factories/universities.rb": [
        1,
        1,
        1,
        1,
        null,
        null
      ],
      "/data/home/ubuntu/Desktop/theinternappfinalversion-623716-ruby/template-app/spec/factories/university_educations.rb": [
        1,
        1,
        1,
        1,
        1,
        1,
        1,
        1,
        null,
        null
      ],
      "/data/home/ubuntu/Desktop/theinternappfinalversion-623716-ruby/template-app/spec/factories/user_surveys.rb": [
        1,
        1,
        1,
        1,
        1,
        1,
        null,
        null
      ],
      "/data/home/ubuntu/Desktop/theinternappfinalversion-623716-ruby/template-app/spec/factories/users.rb": [
        1,
        1,
        1,
        1,
        null,
        null
      ],
      "/data/home/ubuntu/Desktop/theinternappfinalversion-623716-ruby/template-app/spec/factories/work_locations.rb": [
        null,
        1,
        1,
        1,
        null,
        null
      ],
      "/data/home/ubuntu/Desktop/theinternappfinalversion-623716-ruby/template-app/spec/factories/work_schedules.rb": [
        1,
        1,
        1,
        null,
        null
      ],
      "/data/home/ubuntu/Desktop/theinternappfinalversion-623716-ruby/template-app/app/controllers/application_controller.rb": [
        1,
        1,
        null
      ],
      "/data/home/ubuntu/Desktop/theinternappfinalversion-623716-ruby/template-app/app/helpers/admin/internships_helper.rb": [
        1,
        1,
        1,
        0,
        0,
        null,
        0,
        null,
        null,
        null,
        1,
        0,
        null,
        null,
        null
      ],
      "/data/home/ubuntu/Desktop/theinternappfinalversion-623716-ruby/template-app/app/helpers/bx_block_profile_bio/application_helper.rb": [
        null,
        null,
        1,
        null,
        1,
        null,
        null
      ],
      "/data/home/ubuntu/Desktop/theinternappfinalversion-623716-ruby/template-app/app/helpers/bx_block_stripe_integration/application_helper.rb": [
        1,
        1,
        null,
        null
      ],
      "/data/home/ubuntu/Desktop/theinternappfinalversion-623716-ruby/template-app/app/helpers/bx_block_subscription_billing/application_helper.rb": [
        1,
        1,
        null,
        null
      ],
      "/data/home/ubuntu/Desktop/theinternappfinalversion-623716-ruby/template-app/app/helpers/bx_block_survey/generic_question_helper.rb": [
        1,
        1,
        1,
        0,
        0,
        null,
        0,
        null,
        null,
        null,
        null
      ],
      "/data/home/ubuntu/Desktop/theinternappfinalversion-623716-ruby/template-app/app/helpers/bx_block_terms_and_conditions/application_helper.rb": [
        1,
        1,
        null,
        null
      ],
      "/data/home/ubuntu/Desktop/theinternappfinalversion-623716-ruby/template-app/config/routes.rb": [
        1,
        1,
        1,
        1,
        1,
        1,
        1,
        null,
        null,
        1,
        1,
        1,
        1,
        1,
        1,
        null,
        1,
        1,
        1,
        1,
        null,
        1,
        1,
        1,
        1,
        null,
        null,
        1,
        1,
        1,
        1,
        null,
        null,
        null,
        null,
        1,
        1,
        1,
        1,
        1,
        1,
        1,
        1,
        1,
        null,
        null,
        null,
        1,
        1,
        null,
        null,
        1,
        1,
        1,
        1,
        1,
        1,
        1,
        null,
        null,
        null,
        1,
        1,
        1,
        1,
        1,
        1,
        1,
        null,
        null,
        null,
        1,
        1,
        1,
        1,
        null,
        null,
        null,
        1,
        1,
        1,
        null,
        null,
        1,
        1,
        1,
        1,
        1,
        1,
        1,
        null,
        null,
        null,
        1,
        1,
        null,
        null,
        null,
        null,
        1,
        1,
        1,
        1,
        1,
        1,
        1,
        1,
        1,
        null,
        1,
        1,
        1,
        null,
        1,
        1,
        1,
        null,
        null,
        1,
        1,
        1,
        null,
        null,
        1,
        1,
        1,
        null,
        null,
        1,
        1,
        1,
        null,
        null,
        1,
        1,
        1,
        1,
        1,
        1,
        1,
        1,
        1,
        1,
        1,
        1,
        1,
        1,
        1,
        1,
        null,
        null,
        null,
        1,
        1,
        1,
        1,
        1,
        1,
        null,
        null,
        1,
        1,
        1,
        null,
        null,
        null,
        1,
        1,
        1,
        1,
        1,
        null,
        null,
        null,
        1,
        1,
        1,
        1,
        1,
        1,
        null,
        null,
        null,
        1,
        1,
        1,
        1,
        1,
        1,
        null,
        null,
        null,
        null,
        1,
        1,
        1,
        1,
        null,
        null,
        null,
        1,
        1,
        1,
        1,
        1,
        1,
        null,
        null,
        null,
        1,
        1,
        1,
        1,
        null,
        null,
        null,
        1,
        1,
        1,
        1,
        1,
        null,
        null,
        null,
        1,
        1,
        1,
        null,
        null,
        null,
        1,
        1,
        1,
        1,
        1,
        null,
        null,
        null,
        null,
        1,
        1,
        1,
        1,
        1,
        null,
        null,
        null,
        null,
        1,
        1,
        null,
        null,
        1,
        1,
        1,
        1,
        1,
        null,
        null,
        null,
        null,
        null
      ],
      "/data/home/ubuntu/Desktop/theinternappfinalversion-623716-ruby/template-app/app/admin/academic_levels.rb": [
        null,
        null,
        1,
        1,
        1,
        null,
        1,
        0,
        0,
        null,
        0,
        null,
        null,
        1,
        0,
        0,
        0,
        0,
        null,
        null,
        null,
        1,
        0,
        0,
        0,
        0,
        0,
        null,
        null
      ],
      "/data/home/ubuntu/Desktop/theinternappfinalversion-623716-ruby/template-app/app/models/bx_block_profile/academic_level.rb": [
        null,
        null,
        1,
        1,
        1,
        null,
        1,
        1,
        null,
        null,
        null,
        null
      ],
      "/data/home/ubuntu/Desktop/theinternappfinalversion-623716-ruby/template-app/app/models/bx_block_profile/application_record.rb": [
        null,
        null,
        1,
        1,
        1,
        null,
        null
      ],
      "/data/home/ubuntu/Desktop/theinternappfinalversion-623716-ruby/template-app/app/admin/account_groups.rb": [
        null,
        null,
        null,
        null,
        null,
        null,
        null,
        null,
        null,
        null,
        null,
        null,
        null,
        null,
        null,
        null,
        null,
        null,
        null,
        null,
        null,
        null,
        null,
        null,
        null,
        null,
        null
      ],
      "/data/home/ubuntu/Desktop/theinternappfinalversion-623716-ruby/template-app/app/admin/admin_notifications.rb": [
        1,
        1,
        null,
        1,
        1,
        1,
        1,
        1,
        0,
        0,
        0,
        0,
        0,
        0,
        0,
        0,
        null,
        null,
        0,
        null,
        null,
        1,
        0,
        0,
        0,
        0,
        0,
        0,
        0,
        null,
        null,
        null,
        null,
        null
      ],
      "/data/home/ubuntu/Desktop/theinternappfinalversion-623716-ruby/template-app/app/models/bx_block_notifications/admin_notification.rb": [
        1,
        1,
        1,
        1,
        null,
        null,
        null,
        null,
        null
      ],
      "/data/home/ubuntu/Desktop/theinternappfinalversion-623716-ruby/template-app/app/models/bx_block_notifications/application_record.rb": [
        1,
        1,
        1,
        null,
        null
      ],
      "/data/home/ubuntu/Desktop/theinternappfinalversion-623716-ruby/template-app/app/admin/admin_users.rb": [
        1,
        1,
        1,
        1,
        1,
        null,
        null,
        1,
        null,
        null,
        null,
        null,
        null,
        null,
        1,
        null,
        null,
        null,
        1,
        1,
        1,
        null,
        1,
        0,
        0,
        0,
        0,
        0,
        0,
        0,
        null,
        null,
        1,
        1,
        1,
        1,
        null,
        1,
        0,
        0,
        0,
        0,
        null,
        0,
        null,
        null,
        null
      ],
      "/data/home/ubuntu/Desktop/theinternappfinalversion-623716-ruby/template-app/app/admin/block_users.rb": [
        1,
        1,
        null,
        1,
        1,
        1,
        1,
        null,
        1,
        1,
        null,
        1,
        null,
        null,
        null,
        null,
        1,
        0,
        0,
        0,
        0,
        null,
        null,
        0,
        0,
        0,
        null,
        0,
        null,
        null,
        null,
        0,
        0,
        null,
        0,
        0,
        null,
        0,
        0,
        null,
        null,
        0,
        0,
        null,
        0,
        0,
        null,
        0,
        null,
        null,
        1,
        0,
        0,
        0,
        null,
        null,
        0,
        0,
        null,
        0,
        0,
        null,
        0,
        0,
        null,
        null,
        null,
        null,
        null
      ],
      "/data/home/ubuntu/Desktop/theinternappfinalversion-623716-ruby/template-app/app/models/bx_block_block_users/block_user.rb": [
        1,
        1,
        1,
        1,
        1,
        null,
        1,
        1,
        null,
        1,
        0,
        null,
        null,
        1,
        0,
        null,
        null,
        null
      ],
      "/data/home/ubuntu/Desktop/theinternappfinalversion-623716-ruby/template-app/app/models/bx_block_block_users/application_record.rb": [
        1,
        1,
        1,
        null,
        null
      ],
      "/data/home/ubuntu/Desktop/theinternappfinalversion-623716-ruby/template-app/app/admin/business_user_generic_questions.rb": [
        1,
        null,
        1,
        1,
        1,
        null,
        null
      ],
      "/data/home/ubuntu/Desktop/theinternappfinalversion-623716-ruby/template-app/app/models/bx_block_surveys/business_user_generic_question.rb": [
        1,
        1,
        1,
        1,
        null,
        null
      ],
      "/data/home/ubuntu/Desktop/theinternappfinalversion-623716-ruby/template-app/app/admin/business_users.rb": [
        1,
        1,
        1,
        1,
        null,
        1,
        null,
        null,
        null,
        null,
        null,
        null,
        1,
        0,
        null,
        null,
        1,
        0,
        0,
        0,
        0,
        0,
        0,
        0,
        null,
        0,
        0,
        null,
        0,
        0,
        null,
        0,
        null,
        null,
        1,
        0,
        0,
        0,
        0,
        0,
        0,
        0,
        null,
        0,
        0,
        null,
        0,
        0,
        null,
        0,
        0,
        null,
        0,
        0,
        null,
        0,
        0,
        null,
        0,
        0,
        null,
        0,
        0,
        null,
        0,
        0,
        null,
        0,
        null,
        0,
        0,
        0,
        0,
        0,
        0,
        0,
        0,
        0,
        null,
        0,
        null,
        0,
        0,
        null,
        0,
        0,
        null,
        null,
        null,
        null,
        null,
        1,
        0,
        0,
        0,
        0,
        0,
        0,
        0,
        0,
        null,
        null,
        null,
        null,
        0,
        null,
        null,
        null,
        null,
        0,
        0,
        0,
        null,
        null,
        0,
        0,
        0,
        0,
        0,
        0,
        null,
        null,
        null,
        null,
        0,
        null,
        null,
        1,
        0,
        0,
        0,
        0,
        null,
        null,
        null,
        null,
        0,
        null,
        null,
        1,
        0,
        0,
        0,
        null,
        null,
        null,
        1,
        0,
        null,
        null,
        1,
        0,
        null,
        0,
        0,
        null,
        null,
        0,
        0,
        null,
        null,
        0,
        null,
        0,
        null,
        null,
        1,
        0,
        0,
        null,
        null,
        1,
        1,
        null,
        1,
        null,
        1,
        0,
        null,
        null,
        null
      ],
      "/data/home/ubuntu/Desktop/theinternappfinalversion-623716-ruby/template-app/app/models/account_block/business_user.rb": [
        1,
        1,
        1,
        1,
        null,
        1,
        null,
        1,
        1,
        null,
        null,
        1,
        1,
        1,
        1,
        null,
        1,
        1,
        1,
        null,
        null,
        1,
        null,
        null,
        null,
        null,
        null,
        null,
        1,
        null,
        1,
        0,
        null,
        null,
        1,
        0,
        0,
        0,
        0,
        null,
        null,
        null,
        null
      ],
      "/data/home/ubuntu/Desktop/theinternappfinalversion-623716-ruby/template-app/app/admin/bx_block_content_management.rb": [
        null,
        null,
        null,
        null,
        null,
        null,
        null,
        null,
        null,
        null,
        null,
        null,
        null,
        null,
        null,
        null,
        null,
        null,
        null,
        null,
        null,
        null,
        null,
        null,
        null,
        null,
        null,
        null,
        null,
        null,
        null,
        null,
        null,
        null,
        null,
        null,
        null,
        null,
        null,
        null,
        null,
        null,
        null,
        null,
        null,
        null,
        null,
        null,
        null,
        null,
        null,
        null,
        null,
        null,
        null,
        null,
        null,
        null,
        null
      ],
      "/data/home/ubuntu/Desktop/theinternappfinalversion-623716-ruby/template-app/app/admin/bx_block_content_moderation.rb": [
        null,
        null,
        null,
        null,
        null,
        null,
        null,
        null,
        null,
        null,
        null,
        null,
        null,
        null,
        null,
        null,
        null,
        null,
        null,
        null,
        null,
        null,
        null,
        null,
        null,
        null,
        null,
        null,
        null,
        null,
        null,
        null,
        null,
        null,
        null,
        null,
        null,
        null,
        null,
        null,
        null,
        null,
        null,
        null,
        null,
        null,
        null,
        null,
        null,
        null,
        null,
        null,
        null,
        null,
        null,
        null,
        null,
        null,
        null,
        null,
        null
      ],
      "/data/home/ubuntu/Desktop/theinternappfinalversion-623716-ruby/template-app/app/admin/cities.rb": [
        null,
        null,
        1,
        1,
        1,
        null,
        1,
        0,
        0,
        0,
        null,
        0,
        null,
        null,
        1,
        0,
        0,
        0,
        0,
        0,
        0,
        null,
        null
      ],
      "/data/home/ubuntu/Desktop/theinternappfinalversion-623716-ruby/template-app/app/models/account_block/city.rb": [
        1,
        1,
        1,
        1,
        1,
        1,
        null,
        null
      ],
      "/data/home/ubuntu/Desktop/theinternappfinalversion-623716-ruby/template-app/app/admin/contact_us.rb": [
        1,
        1,
        null,
        1,
        null,
        1,
        0,
        0,
        0,
        0,
        0,
        0,
        0,
        0,
        0,
        null,
        null,
        1,
        0,
        0,
        0,
        0,
        0,
        0,
        0,
        null,
        null,
        null
      ],
      "/data/home/ubuntu/Desktop/theinternappfinalversion-623716-ruby/template-app/app/admin/countries.rb": [
        null,
        null,
        1,
        1,
        1,
        1,
        null,
        1,
        0,
        0,
        null,
        0,
        null,
        null,
        1,
        0,
        0,
        0,
        0,
        0,
        0,
        null,
        null
      ],
      "/data/home/ubuntu/Desktop/theinternappfinalversion-623716-ruby/template-app/app/models/account_block/country.rb": [
        1,
        1,
        1,
        1,
        1,
        1,
        null,
        null
      ],
      "/data/home/ubuntu/Desktop/theinternappfinalversion-623716-ruby/template-app/app/admin/dashboard.rb": [
        1,
        1,
        1,
        1,
        1,
        null,
        null,
        1,
        null,
        null,
        null,
        null,
        null,
        null,
        1,
        null,
        null,
        null,
        1,
        1,
        1,
        null,
        1,
        0,
        0,
        0,
        0,
        null,
        null,
        null,
        null,
        null,
        null,
        null,
        null,
        null,
        null,
        null,
        null,
        null,
        null,
        null,
        null,
        null,
        null,
        null,
        null,
        null,
        null,
        null,
        null,
        null
      ],
      "/data/home/ubuntu/Desktop/theinternappfinalversion-623716-ruby/template-app/app/admin/educational_statuses.rb": [
        null,
        null,
        1,
        1,
        1,
        1,
        1,
        null,
        1,
        0,
        0,
        null,
        0,
        null,
        null,
        1,
        0,
        0,
        0,
        0,
        null,
        null,
        null,
        1,
        0,
        0,
        0,
        0,
        0,
        null,
        null
      ],
      "/data/home/ubuntu/Desktop/theinternappfinalversion-623716-ruby/template-app/app/models/bx_block_profile/educational_status.rb": [
        null,
        null,
        1,
        1,
        1,
        null,
        1,
        1,
        null,
        1,
        1,
        null,
        null
      ],
      "/data/home/ubuntu/Desktop/theinternappfinalversion-623716-ruby/template-app/app/admin/faq.rb": [
        1,
        1,
        null,
        1,
        null,
        1,
        0,
        0,
        0,
        0,
        0,
        0,
        0,
        null,
        null,
        1,
        0,
        0,
        0,
        0,
        null,
        0,
        0,
        0,
        null,
        null,
        null,
        1,
        0,
        0,
        0,
        0,
        null,
        0,
        null,
        null,
        null,
        1,
        null
      ],
      "/data/home/ubuntu/Desktop/theinternappfinalversion-623716-ruby/template-app/app/models/bx_block_help_centre/faq.rb": [
        1,
        1,
        1,
        1,
        null,
        null
      ],
      "/data/home/ubuntu/Desktop/theinternappfinalversion-623716-ruby/template-app/app/admin/in_app_notifications.rb": [
        1,
        1,
        null,
        1,
        null,
        1,
        null,
        null,
        1,
        0,
        0,
        0,
        0,
        0,
        null,
        0,
        null,
        null,
        1,
        0,
        0,
        0,
        0,
        0,
        0,
        0,
        0,
        null,
        0,
        0,
        0,
        null,
        null,
        null,
        1,
        null,
        1,
        1,
        0,
        0,
        0,
        null,
        0,
        null,
        null,
        null,
        null,
        null
      ],
      "/data/home/ubuntu/Desktop/theinternappfinalversion-623716-ruby/template-app/app/models/bx_block_notifications/notification.rb": [
        1,
        1,
        1,
        1,
        null,
        1,
        1,
        null,
        null
      ],
      "/data/home/ubuntu/Desktop/theinternappfinalversion-623716-ruby/template-app/app/admin/industries.rb": [
        null,
        null,
        1,
        1,
        1,
        1,
        null,
        1,
        0,
        0,
        null,
        0,
        null,
        null,
        1,
        0,
        0,
        0,
        0,
        null,
        null,
        1,
        1,
        0,
        0,
        0,
        null,
        0,
        null,
        null,
        null,
        1,
        null,
        1,
        0,
        0,
        0,
        null,
        null,
        null,
        null,
        1,
        0,
        0,
        null,
        0,
        0,
        0,
        null,
        0,
        null,
        null,
        null,
        0,
        0,
        null,
        0,
        null,
        null,
        0,
        null,
        null
      ],
      "/data/home/ubuntu/Desktop/theinternappfinalversion-623716-ruby/template-app/app/models/bx_block_categories/industry.rb": [
        null,
        null,
        1,
        1,
        1,
        1,
        1,
        1,
        1,
        null,
        1,
        null,
        1,
        null,
        1,
        0,
        null,
        null,
        null,
        null
      ],
      "/data/home/ubuntu/Desktop/theinternappfinalversion-623716-ruby/template-app/app/models/bx_block_categories/application_record.rb": [
        null,
        null,
        1,
        1,
        1,
        null,
        null
      ],
      "/data/home/ubuntu/Desktop/theinternappfinalversion-623716-ruby/template-app/app/admin/intern_characteristics.rb": [
        1,
        1,
        1,
        null,
        1,
        null,
        1,
        null,
        1,
        0,
        0,
        0,
        0,
        null,
        null,
        null
      ],
      "/data/home/ubuntu/Desktop/theinternappfinalversion-623716-ruby/template-app/app/models/bx_block_surveys/intern_characteristic.rb": [
        1,
        1,
        1,
        null,
        1,
        1,
        1,
        1,
        null,
        null,
        null
      ],
      "/data/home/ubuntu/Desktop/theinternappfinalversion-623716-ruby/template-app/app/admin/intern_users.rb": [
        1,
        1,
        1,
        1,
        1,
        1,
        1,
        null,
        null,
        null,
        1,
        0,
        null,
        null,
        1,
        0,
        0,
        0,
        0,
        0,
        0,
        0,
        0,
        null,
        0,
        0,
        null,
        0,
        0,
        null,
        0,
        null,
        null,
        1,
        0,
        0,
        0,
        0,
        0,
        0,
        0,
        0,
        0,
        0,
        null,
        0,
        0,
        null,
        0,
        0,
        null,
        0,
        null,
        0,
        0,
        null,
        0,
        0,
        null,
        0,
        0,
        null,
        null,
        null,
        1,
        0,
        0,
        0,
        0,
        null,
        null,
        null,
        null,
        null,
        null,
        null,
        null,
        0,
        0,
        0,
        0,
        0,
        0,
        0,
        null,
        null,
        null,
        null,
        0,
        null,
        null,
        null,
        0,
        0,
        0,
        null,
        null,
        null,
        null,
        0,
        null,
        null,
        1,
        0,
        0,
        0,
        null,
        null,
        null,
        1,
        0,
        0,
        0,
        0,
        null,
        null,
        null,
        null,
        0,
        null,
        null,
        1,
        0,
        null,
        null,
        1,
        0,
        null,
        0,
        0,
        null,
        null,
        0,
        0,
        null,
        0,
        null,
        0,
        null,
        null,
        null,
        1,
        0,
        0,
        null,
        null,
        1,
        1,
        0,
        null,
        null,
        null
      ],
      "/data/home/ubuntu/Desktop/theinternappfinalversion-623716-ruby/template-app/app/admin/internships.rb": [
        1,
        1,
        1,
        null,
        null,
        1,
        0,
        null,
        1,
        1,
        1,
        1,
        1,
        0,
        null,
        1,
        1,
        1,
        1,
        1,
        1,
        1,
        1,
        1,
        null,
        null,
        null,
        null,
        1,
        null,
        null,
        1,
        0,
        0,
        0,
        null,
        0,
        0,
        0,
        0,
        0,
        0,
        0,
        0,
        0,
        0,
        0,
        0,
        0,
        0,
        null,
        0,
        0,
        null,
        null,
        1,
        0,
        0,
        0,
        0,
        0,
        0,
        0,
        0,
        0,
        0,
        0,
        0,
        0,
        0,
        0,
        0,
        null,
        null,
        null,
        1,
        1,
        1,
        0,
        0,
        0,
        0,
        null,
        0,
        null,
        null,
        null,
        null
      ],
      "/data/home/ubuntu/Desktop/theinternappfinalversion-623716-ruby/template-app/app/models/bx_block_navmenu/internship.rb": [
        null,
        null,
        1,
        1,
        1,
        1,
        1,
        1,
        1,
        1,
        1,
        1,
        1,
        1,
        1,
        1,
        1,
        1,
        1,
        1,
        1,
        1,
        1,
        null,
        null,
        1,
        1,
        null,
        1,
        1,
        1,
        null,
        1,
        1,
        null,
        1,
        1,
        null,
        1,
        null,
        1,
        null,
        1,
        0,
        0,
        null,
        null,
        null,
        1,
        0,
        null,
        null,
        1,
        0,
        0,
        0,
        0,
        null,
        null,
        null,
        1,
        0,
        null,
        null,
        1,
        0,
        null,
        null,
        null
      ],
      "/data/home/ubuntu/Desktop/theinternappfinalversion-623716-ruby/template-app/app/models/bx_block_navmenu/application_record.rb": [
        1,
        1,
        1,
        null,
        null
      ],
      "/data/home/ubuntu/Desktop/theinternappfinalversion-623716-ruby/template-app/app/admin/issue_types.rb": [
        1,
        1,
        1,
        1,
        null,
        1,
        0,
        0,
        0,
        0,
        0,
        0,
        null,
        null,
        1,
        0,
        0,
        0,
        0,
        null,
        null,
        null,
        1,
        0,
        0,
        null,
        0,
        null,
        null
      ],
      "/data/home/ubuntu/Desktop/theinternappfinalversion-623716-ruby/template-app/app/models/bx_block_help_centre/issue_type.rb": [
        1,
        1,
        1,
        null,
        1,
        1,
        null,
        null
      ],
      "/data/home/ubuntu/Desktop/theinternappfinalversion-623716-ruby/template-app/app/admin/posts.rb": [
        1,
        1,
        1,
        null,
        1,
        null,
        1,
        0,
        0,
        0,
        0,
        0,
        0,
        null,
        0,
        null,
        0,
        0,
        0,
        0,
        0,
        null,
        null,
        null,
        1,
        1,
        1,
        1,
        1,
        null,
        1,
        0,
        0,
        0,
        0,
        0,
        0,
        null,
        0,
        0,
        null,
        null,
        0,
        0,
        0,
        0,
        0,
        0,
        0,
        null,
        0,
        null,
        null,
        0,
        null,
        null,
        null,
        null,
        null,
        null,
        null,
        null,
        null,
        null,
        null,
        null,
        null,
        null,
        null,
        null,
        null,
        null,
        null
      ],
      "/data/home/ubuntu/Desktop/theinternappfinalversion-623716-ruby/template-app/app/models/bx_block_posts/post.rb": [
        1,
        1,
        1,
        1,
        1,
        null,
        1,
        null,
        1,
        1,
        1,
        null,
        1,
        null,
        1,
        null,
        1,
        null,
        null,
        null,
        null,
        null,
        null,
        1,
        1,
        null,
        null,
        1,
        null,
        null,
        1,
        null,
        1,
        0,
        0,
        0,
        null,
        0,
        0,
        0,
        0,
        null,
        null,
        null,
        1,
        0,
        0,
        null,
        null,
        null
      ],
      "/data/home/ubuntu/Desktop/theinternappfinalversion-623716-ruby/template-app/app/models/bx_block_posts/application_record.rb": [
        1,
        1,
        1,
        null,
        null
      ],
      "/data/home/ubuntu/Desktop/theinternappfinalversion-623716-ruby/template-app/app/concerns/bx_block_like/patch_bx_block_posts_associations.rb": [
        1,
        1,
        1,
        null,
        1,
        1,
        1,
        null,
        null,
        null,
        1,
        null,
        null,
        null,
        null,
        null,
        null
      ],
      "/data/home/ubuntu/Desktop/theinternappfinalversion-623716-ruby/template-app/app/admin/privacy_policies.rb": [
        null,
        null,
        1,
        1,
        1,
        1,
        1,
        null,
        1,
        0,
        0,
        null,
        0,
        null,
        null,
        1,
        0,
        0,
        0,
        0,
        null,
        null,
        null
      ],
      "/data/home/ubuntu/Desktop/theinternappfinalversion-623716-ruby/template-app/app/admin/prompt_abc.rb": [
        null,
        null,
        null,
        null,
        null,
        null,
        null,
        null,
        null,
        null,
        null,
        null,
        null,
        null,
        null,
        null,
        null,
        null,
        null,
        null,
        null,
        null,
        null,
        null,
        null,
        null,
        null,
        null,
        null,
        null,
        null,
        null,
        null,
        null,
        null,
        null,
        null,
        null,
        null,
        null,
        null,
        null,
        null,
        null,
        null,
        null,
        null,
        null,
        null,
        null,
        null,
        null,
        null,
        null,
        null,
        null
      ],
      "/data/home/ubuntu/Desktop/theinternappfinalversion-623716-ruby/template-app/app/admin/prompt_managers.rb": [
        1,
        1,
        1,
        1,
        1,
        0,
        0,
        0,
        0,
        null,
        null,
        1,
        0,
        0,
        0,
        null,
        0,
        0,
        0,
        0,
        0,
        null,
        null,
        null,
        null,
        null,
        null,
        null,
        1,
        1,
        0,
        0,
        0,
        null,
        null,
        null,
        null
      ],
      "/data/home/ubuntu/Desktop/theinternappfinalversion-623716-ruby/template-app/app/models/bx_block_chat/prompt_manager.rb": [
        1,
        1,
        1,
        1,
        null,
        null,
        null
      ],
      "/data/home/ubuntu/Desktop/theinternappfinalversion-623716-ruby/template-app/app/models/bx_block_chat/application_record.rb": [
        1,
        1,
        1,
        null,
        null
      ],
      "/data/home/ubuntu/Desktop/theinternappfinalversion-623716-ruby/template-app/app/admin/prompt_versions.rb": [
        1,
        1,
        1,
        null,
        1,
        0,
        0,
        0,
        0,
        0,
        0,
        null,
        0,
        0,
        0,
        0,
        null,
        null,
        null,
        null,
        null,
        1,
        0,
        0,
        null,
        0,
        null,
        null,
        1,
        1,
        0,
        0,
        null,
        0,
        0,
        null,
        null,
        0,
        null,
        0,
        0,
        0,
        null,
        0,
        0,
        null,
        null,
        null,
        null,
        null,
        null
      ],
      "/data/home/ubuntu/Desktop/theinternappfinalversion-623716-ruby/template-app/app/models/bx_block_chat/prompt_version.rb": [
        1,
        1,
        1,
        1,
        1,
        null,
        null
      ],
      "/data/home/ubuntu/Desktop/theinternappfinalversion-623716-ruby/template-app/app/admin/recommendation_engine.rb": [
        1,
        null,
        null,
        1,
        1,
        null,
        1,
        null,
        1,
        0,
        0,
        0,
        null,
        0,
        null,
        null,
        1,
        0,
        0,
        0,
        null,
        null,
        null
      ],
      "/data/home/ubuntu/Desktop/theinternappfinalversion-623716-ruby/template-app/app/models/bx_block_recommendation/catalogue_recommend.rb": [
        null,
        null,
        1,
        1,
        1,
        null,
        null
      ],
      "/data/home/ubuntu/Desktop/theinternappfinalversion-623716-ruby/template-app/app/admin/report.rb": [
        1,
        1,
        null,
        1,
        1,
        null,
        null,
        1,
        1,
        0,
        null,
        null,
        null,
        1,
        0,
        0,
        0,
        0,
        null,
        0,
        0,
        0,
        null,
        0,
        null,
        null,
        0,
        null,
        null,
        null,
        0,
        0,
        null,
        0,
        null,
        null,
        null,
        null,
        0,
        0,
        0,
        null,
        0,
        null,
        null,
        0,
        null,
        null,
        null,
        0,
        0,
        null,
        0,
        null,
        null,
        null,
        null,
        0,
        0,
        0,
        null,
        null,
        1,
        0,
        0,
        0,
        0,
        null,
        0,
        0,
        0,
        null,
        0,
        null,
        null,
        0,
        null,
        null,
        0,
        0,
        null,
        0,
        null,
        null,
        null,
        null,
        0,
        0,
        0,
        null,
        0,
        null,
        null,
        0,
        null,
        null,
        0,
        0,
        null,
        0,
        null,
        null,
        null,
        null,
        0,
        0,
        null,
        null,
        null
      ],
      "/data/home/ubuntu/Desktop/theinternappfinalversion-623716-ruby/template-app/app/models/bx_block_profile/report.rb": [
        1,
        1,
        1,
        null,
        1,
        1,
        1,
        null,
        1,
        1,
        1,
        1,
        null,
        1,
        null,
        1,
        null,
        1,
        0,
        0,
        null,
        null,
        null,
        1,
        0,
        0,
        null,
        null,
        null,
        1,
        0,
        0,
        null,
        0,
        null,
        0,
        null,
        0,
        null,
        0,
        null,
        null,
        null,
        null,
        null
      ],
      "/data/home/ubuntu/Desktop/theinternappfinalversion-623716-ruby/template-app/app/admin/restricted_word.rb": [
        null,
        null,
        1,
        1,
        null,
        1,
        1,
        0,
        0,
        0,
        0,
        null,
        0,
        null,
        null,
        null,
        null,
        1,
        0,
        0,
        0,
        0,
        null,
        0,
        null,
        null,
        null,
        null,
        null,
        1,
        0,
        0,
        null,
        0,
        null,
        null,
        1,
        0,
        0,
        0,
        0,
        0,
        0,
        null,
        null
      ],
      "/data/home/ubuntu/Desktop/theinternappfinalversion-623716-ruby/template-app/app/models/bx_block_like_a_post/restricted_word.rb": [
        1,
        1,
        null
      ],
      "/data/home/ubuntu/Desktop/theinternappfinalversion-623716-ruby/template-app/app/admin/roles.rb": [
        null,
        null,
        1,
        1,
        1,
        1,
        null,
        1,
        0,
        0,
        0,
        null,
        0,
        null,
        null,
        1,
        0,
        0,
        0,
        0,
        0,
        null,
        0,
        null,
        null,
        1,
        1,
        0,
        0,
        0,
        0,
        null,
        0,
        null,
        null,
        null,
        1,
        null,
        1,
        0,
        0,
        0,
        null,
        null,
        null,
        null,
        1,
        0,
        0,
        null,
        0,
        0,
        0,
        null,
        0,
        null,
        null,
        null,
        0,
        0,
        null,
        0,
        null,
        null,
        0,
        null,
        null
      ],
      "/data/home/ubuntu/Desktop/theinternappfinalversion-623716-ruby/template-app/app/models/bx_block_categories/role.rb": [
        null,
        null,
        1,
        1,
        1,
        1,
        1,
        1,
        1,
        1,
        1,
        null,
        1,
        1,
        null,
        1,
        0,
        0,
        0,
        null,
        0,
        0,
        null,
        0,
        null,
        null,
        null,
        1,
        0,
        null,
        0,
        null,
        0,
        0,
        null,
        0,
        null,
        null,
        null,
        null
      ],
      "/data/home/ubuntu/Desktop/theinternappfinalversion-623716-ruby/template-app/app/admin/schools.rb": [
        null,
        null,
        1,
        1,
        1,
        1,
        null,
        1,
        0,
        0,
        null,
        0,
        null,
        null,
        1,
        0,
        0,
        0,
        0,
        0,
        null,
        0,
        0,
        0,
        null,
        null
      ],
      "/data/home/ubuntu/Desktop/theinternappfinalversion-623716-ruby/template-app/app/models/bx_block_profile/school.rb": [
        null,
        null,
        1,
        1,
        1,
        null,
        1,
        null,
        1,
        1,
        1,
        null,
        1,
        null,
        1,
        0,
        null,
        null,
        null
      ],
      "/data/home/ubuntu/Desktop/theinternappfinalversion-623716-ruby/template-app/app/admin/subscriptions.rb": [
        1,
        1,
        1,
        null,
        1,
        0,
        0,
        0,
        null,
        null,
        1,
        0,
        0,
        0,
        null,
        null,
        null
      ],
      "/data/home/ubuntu/Desktop/theinternappfinalversion-623716-ruby/template-app/app/models/bx_block_subscription_billing/subscription.rb": [
        1,
        1,
        1,
        null,
        1,
        0,
        null,
        null,
        null
      ],
      "/data/home/ubuntu/Desktop/theinternappfinalversion-623716-ruby/template-app/app/models/bx_block_subscription_billing/application_record.rb": [
        1,
        1,
        1,
        null,
        null
      ],
      "/data/home/ubuntu/Desktop/theinternappfinalversion-623716-ruby/template-app/app/admin/surveys_questions.rb": [
        1,
        1,
        1,
        null,
        1,
        0,
        0,
        0,
        0,
        0,
        0,
        0,
        0,
        null,
        0,
        0,
        null,
        null,
        0,
        0,
        0,
        null,
        null,
        null,
        0,
        null,
        null,
        1,
        0,
        0,
        null,
        null,
        1,
        0,
        0,
        null,
        null,
        1,
        0,
        0,
        0,
        0,
        0,
        0,
        0,
        null,
        null,
        null,
        null,
        null,
        null,
        null,
        1,
        null,
        1,
        0,
        null,
        null,
        1,
        0,
        0,
        0,
        0,
        null,
        0,
        null,
        null,
        null,
        1,
        null,
        1,
        0,
        0,
        0,
        0,
        null,
        0,
        null,
        null,
        1,
        0,
        0,
        0,
        0,
        null,
        0,
        null,
        null,
        1,
        0,
        0,
        0,
        0,
        0,
        null,
        0,
        null,
        null,
        0,
        0,
        0,
        null,
        0,
        null,
        null,
        null,
        1,
        0,
        null,
        0,
        null,
        null,
        1,
        0,
        0,
        0,
        null,
        null,
        1,
        0,
        0,
        0,
        0,
        0,
        0,
        0,
        0,
        0,
        0,
        null,
        null,
        null,
        null,
        0,
        0,
        null,
        0,
        0,
        null,
        null,
        0,
        0,
        null,
        null,
        null
      ],
      "/data/home/ubuntu/Desktop/theinternappfinalversion-623716-ruby/template-app/app/models/bx_block_surveys/survey.rb": [
        1,
        1,
        1,
        1,
        null,
        1,
        null,
        1,
        1,
        null,
        1,
        null,
        1,
        1,
        null,
        1,
        null,
        1,
        0,
        null,
        null,
        1,
        0,
        0,
        null,
        null,
        null,
        null,
        null
      ],
      "/data/home/ubuntu/Desktop/theinternappfinalversion-623716-ruby/template-app/app/admin/terms_and_conditions.rb": [
        null,
        null,
        1,
        1,
        1,
        1,
        1,
        null,
        1,
        0,
        0,
        null,
        0,
        null,
        null,
        1,
        0,
        0,
        0,
        0,
        null,
        null
      ],
      "/data/home/ubuntu/Desktop/theinternappfinalversion-623716-ruby/template-app/app/admin/thresholds.rb": [
        1,
        1,
        null,
        1,
        1,
        null
      ],
      "/data/home/ubuntu/Desktop/theinternappfinalversion-623716-ruby/template-app/app/models/threshold.rb": [
        1,
        1,
        null
      ],
      "/data/home/ubuntu/Desktop/theinternappfinalversion-623716-ruby/template-app/app/admin/universities.rb": [
        null,
        null,
        1,
        1,
        1,
        1,
        null,
        1,
        0,
        0,
        null,
        0,
        null,
        null,
        1,
        0,
        0,
        0,
        0,
        0,
        null,
        0,
        0,
        0,
        null,
        null
      ],
      "/data/home/ubuntu/Desktop/theinternappfinalversion-623716-ruby/template-app/app/models/bx_block_profile/university.rb": [
        null,
        null,
        1,
        1,
        1,
        null,
        1,
        1,
        1,
        1,
        null,
        1,
        null,
        1,
        0,
        null,
        null,
        null
      ],
      "/data/home/ubuntu/Desktop/theinternappfinalversion-623716-ruby/template-app/app/admin/versions.rb": [
        1,
        1,
        null,
        1,
        null,
        1,
        0,
        0,
        0,
        null,
        0,
        0,
        0,
        0,
        0,
        null,
        0,
        0,
        null,
        null,
        0,
        0,
        0,
        null,
        null,
        null,
        0,
        null,
        null,
        1,
        1,
        1,
        1,
        null,
        1,
        0,
        0,
        null,
        0,
        0,
        null,
        0,
        0,
        null,
        0,
        0,
        0,
        null,
        null,
        null,
        0,
        0,
        0,
        null,
        0,
        null,
        0,
        null,
        0,
        null,
        null,
        null,
        null,
        1,
        0,
        0,
        0,
        0,
        0,
        null,
        0,
        0,
        0,
        null,
        0,
        0,
        null,
        0,
        null,
        null,
        null,
        null,
        null,
        null,
        null,
        null,
        0,
        null,
        null,
        null,
        null,
        0,
        null,
        null,
        1,
        0,
        0,
        null,
        null,
        1,
        0,
        0,
        0,
        0,
        0,
        0,
        0,
        0,
        null,
        null,
        null,
        1,
        0,
        null,
        null,
        1,
        0,
        null,
        0,
        0,
        0,
        null,
        null,
        null,
        1,
        0,
        0,
        null,
        0,
        0,
        0,
        null,
        null,
        0,
        null,
        0,
        0,
        0,
        null,
        null,
        0,
        0,
        null,
        0,
        null,
        0,
        0,
        0,
        null,
        null,
        null,
        1,
        null,
        1,
        0,
        0,
        0,
        0,
        0,
        null,
        0,
        null,
        0,
        0,
        0,
        null,
        null,
        null,
        1,
        0,
        0,
        0,
        0,
        0,
        0,
        null,
        null,
        0,
        null,
        0,
        0,
        0,
        null,
        null,
        null,
        null,
        null,
        1,
        0,
        0,
        null,
        null,
        null,
        1,
        0,
        0,
        null,
        null,
        null
      ],
      "/data/home/ubuntu/Desktop/theinternappfinalversion-623716-ruby/template-app/app/models/bx_block_surveys/version.rb": [
        1,
        1,
        1,
        null,
        1,
        1,
        1,
        null,
        null,
        null,
        1,
        1,
        1,
        null,
        1,
        null,
        1,
        0,
        null,
        null,
        1,
        0,
        null,
        0,
        0,
        null,
        null,
        null,
        1,
        0,
        0,
        0,
        null,
        null,
        null,
        null
      ],
      "/data/home/ubuntu/Desktop/theinternappfinalversion-623716-ruby/template-app/app/admin/work_locations.rb": [
        null,
        1,
        1,
        1,
        1,
        1,
        1,
        0,
        0,
        null,
        0,
        null,
        null,
        1,
        0,
        0,
        0,
        0,
        0,
        null,
        0,
        null,
        null,
        0,
        0,
        null,
        null,
        null,
        1,
        0,
        0,
        0,
        0,
        0,
        0,
        null,
        0,
        null,
        null,
        0,
        0,
        0,
        null,
        null
      ],
      "/data/home/ubuntu/Desktop/theinternappfinalversion-623716-ruby/template-app/app/models/bx_block_settings/work_location.rb": [
        1,
        1,
        1,
        1,
        1,
        1,
        null,
        null
      ],
      "/data/home/ubuntu/Desktop/theinternappfinalversion-623716-ruby/template-app/app/models/bx_block_settings/application_record.rb": [
        1,
        1,
        1,
        null,
        null
      ],
      "/data/home/ubuntu/Desktop/theinternappfinalversion-623716-ruby/template-app/app/admin/work_schedules.rb": [
        null,
        1,
        1,
        1,
        1,
        1,
        1,
        0,
        0,
        null,
        0,
        null,
        null,
        1,
        0,
        0,
        0,
        0,
        0,
        null,
        0,
        null,
        null,
        0,
        0,
        null,
        null,
        null,
        1,
        0,
        0,
        0,
        0,
        0,
        0,
        null,
        0,
        null,
        null,
        0,
        0,
        0,
        null,
        null
      ],
      "/data/home/ubuntu/Desktop/theinternappfinalversion-623716-ruby/template-app/app/models/bx_block_settings/work_schedule.rb": [
        1,
        1,
        1,
        1,
        1,
        1,
        null,
        null
      ],
      "/data/home/ubuntu/Desktop/theinternappfinalversion-623716-ruby/template-app/app/models/bx_block_chatgpt3/chatbot_response.rb": [
        1,
        1,
        1,
        1,
        null,
        null,
        null
      ],
      "/data/home/ubuntu/Desktop/theinternappfinalversion-623716-ruby/template-app/app/models/bx_block_chatgpt3/application_record.rb": [
        1,
        1,
        1,
        null,
        null
      ],
      "/data/home/ubuntu/Desktop/theinternappfinalversion-623716-ruby/template-app/app/models/bx_block_chatgpt3/chatbot_interview.rb": [
        1,
        1,
        1,
        1,
        1,
        1,
        null,
        1,
        null,
        1,
        0,
        null,
        null,
        null
      ]
    },
    "timestamp": 1747290937
  }
}
