{
  "RSpec": {
    "coverage": {
      "/data/home/ubuntu/Desktop/byezzy1-290342-ruby/template-app/spec/admin/activity_logs_spec.rb": [
        1,
        null,
        1,
        1,
        null,
        null,
        1,
        2,
        2,
        2,
        2,
        null,
        null,
        1,
        1,
        1,
        1,
        null,
        null,
        null,
        1,
        1,
        1,
        1,
        null,
        null,
        null
      ],
      "/data/home/ubuntu/Desktop/byezzy1-290342-ruby/template-app/spec/rails_helper.rb": [
        null,
        1,
        1,
        null,
        1,
        1,
        null,
        1,
        1,
        null,
        1,
        1,
        1,
        1,
        null,
        1,
        null,
        null,
        null,
        null,
        null,
        null,
        null,
        null,
        null,
        null,
        null,
        null,
        null,
        null,
        null,
        null,
        null,
        null,
        null,
        1,
        null,
        0,
        0,
        null,
        1,
        null,
        1,
        null,
        null,
        null,
        null,
        1,
        null,
        null,
        null,
        null,
        null,
        null,
        null,
        null,
        null,
        null,
        null,
        null,
        null,
        null,
        null,
        null,
        null,
        1,
        1,
        1,
        null,
        1,
        null,
        null,
        1,
        1,
        1,
        1,
        1,
        null,
        null,
        null,
        1,
        1071,
        null,
        null,
        1,
        1071,
        null,
        null
      ],
      "/data/home/ubuntu/Desktop/byezzy1-290342-ruby/template-app/config/environment.rb": [
        null,
        1,
        null,
        null,
        1
      ],
      "/data/home/ubuntu/Desktop/byezzy1-290342-ruby/template-app/config/application.rb": [
        1,
        null,
        1,
        null,
        1,
        1,
        1,
        1,
        1,
        1,
        1,
        1,
        1,
        1,
        null,
        null,
        null,
        null,
        null,
        1,
        null,
        1,
        1,
        null,
        1,
        null,
        1,
        null,
        1,
        null,
        null,
        null,
        null,
        null,
        null,
        null,
        null,
        null,
        1,
        1,
        1,
        1,
        1,
        null,
        null,
        1,
        1,
        1,
        1,
        null,
        1,
        1,
        null,
        null
      ],
      "/data/home/ubuntu/Desktop/byezzy1-290342-ruby/template-app/config/boot.rb": [
        1,
        null,
        1
      ],
      "/data/home/ubuntu/Desktop/byezzy1-290342-ruby/template-app/config/environments/test.rb": [
        null,
        null,
        null,
        null,
        null,
        1,
        1,
        null,
        null,
        1,
        1,
        null,
        null,
        null,
        1,
        null,
        null,
        1,
        1,
        null,
        null,
        null,
        null,
        1,
        1,
        1,
        null,
        null,
        1,
        null,
        null,
        1,
        null,
        null,
        1,
        null,
        1,
        null,
        null,
        null,
        null,
        1,
        null,
        null,
        1,
        1,
        null,
        null,
        null,
        null
      ],
      "/data/home/ubuntu/Desktop/byezzy1-290342-ruby/template-app/config/initializers/active_admin.rb": [
        1,
        null,
        null,
        null,
        null,
        null,
        1,
        null,
        null,
        null,
        null,
        null,
        null,
        null,
        null,
        null,
        null,
        null,
        null,
        null,
        null,
        null,
        null,
        null,
        null,
        null,
        null,
        null,
        null,
        null,
        null,
        null,
        null,
        null,
        null,
        null,
        null,
        null,
        null,
        null,
        null,
        null,
        null,
        null,
        null,
        null,
        null,
        null,
        null,
        null,
        null,
        null,
        null,
        null,
        null,
        null,
        1,
        null,
        null,
        null,
        null,
        null,
        null,
        null,
        null,
        null,
        null,
        null,
        null,
        null,
        null,
        null,
        null,
        null,
        null,
        null,
        null,
        null,
        null,
        null,
        null,
        null,
        null,
        null,
        null,
        null,
        null,
        null,
        null,
        null,
        null,
        null,
        null,
        1,
        null,
        null,
        null,
        null,
        null,
        null,
        null,
        null,
        null,
        null,
        null,
        1,
        null,
        null,
        null,
        null,
        null,
        null,
        null,
        null,
        null,
        null,
        null,
        null,
        null,
        1,
        null,
        null,
        null,
        null,
        null,
        null,
        1,
        null,
        null,
        null,
        null,
        null,
        null,
        null,
        null,
        null,
        null,
        null,
        null,
        null,
        null,
        null,
        null,
        null,
        null,
        1,
        null,
        null,
        null,
        null,
        null,
        null,
        null,
        null,
        null,
        null,
        null,
        null,
        null,
        1,
        null,
        null,
        null,
        null,
        null,
        null,
        null,
        null,
        null,
        null,
        1,
        null,
        null,
        null,
        1,
        null,
        null,
        null,
        null,
        null,
        null,
        null,
        null,
        null,
        null,
        null,
        null,
        null,
        null,
        null,
        null,
        null,
        null,
        null,
        null,
        null,
        null,
        null,
        null,
        null,
        null,
        null,
        null,
        null,
        null,
        null,
        null,
        null,
        null,
        null,
        null,
        null,
        null,
        null,
        null,
        null,
        null,
        null,
        null,
        null,
        null,
        null,
        null,
        null,
        null,
        null,
        null,
        null,
        null,
        null,
        null,
        null,
        null,
        null,
        null,
        null,
        null,
        null,
        null,
        null,
        null,
        null,
        null,
        null,
        null,
        null,
        null,
        null,
        null,
        null,
        null,
        null,
        null,
        null,
        null,
        null,
        null,
        null,
        null,
        null,
        null,
        null,
        null,
        null,
        null,
        null,
        null,
        null,
        null,
        null,
        null,
        null,
        null,
        null,
        null,
        null,
        null,
        null,
        null,
        null,
        null,
        null,
        null,
        null,
        null,
        null,
        null,
        null,
        null,
        null,
        null,
        null,
        null,
        null,
        null,
        null,
        null,
        null,
        null,
        null,
        null,
        null,
        null,
        null,
        null,
        null,
        null,
        null,
        null,
        null,
        null,
        null,
        null,
        null,
        null,
        null,
        null,
        null,
        null,
        null,
        null,
        null,
        null,
        null,
        null,
        null,
        null,
        null,
        null,
        null,
        null,
        null,
        null,
        null,
        1,
        1,
        1,
        null
      ],
      "/data/home/ubuntu/Desktop/byezzy1-290342-ruby/template-app/config/initializers/application_controller_renderer.rb": [
        null,
        null,
        null,
        null,
        null,
        null,
        null,
        null
      ],
      "/data/home/ubuntu/Desktop/byezzy1-290342-ruby/template-app/config/initializers/backtrace_silencers.rb": [
        null,
        null,
        null,
        null,
        null,
        null,
        null
      ],
      "/data/home/ubuntu/Desktop/byezzy1-290342-ruby/template-app/config/initializers/ckeditor.rb": [
        null,
        null,
        null,
        1,
        null,
        null,
        null,
        null,
        1,
        null,
        null,
        null,
        null,
        null,
        null,
        null,
        null,
        null,
        null,
        null,
        null,
        null,
        null,
        null,
        null,
        null,
        null,
        null,
        null,
        null,
        null,
        null,
        null,
        null,
        null,
        null,
        null,
        null,
        null,
        null,
        null,
        null,
        null,
        null,
        null,
        null,
        null,
        null,
        null,
        null,
        null,
        null,
        null,
        null,
        null
      ],
      "/data/home/ubuntu/Desktop/byezzy1-290342-ruby/template-app/config/initializers/cors.rb": [
        null,
        null,
        null,
        null,
        null,
        null,
        null,
        1,
        1,
        1,
        1,
        null,
        null
      ],
      "/data/home/ubuntu/Desktop/byezzy1-290342-ruby/template-app/config/initializers/devise.rb": [
        null,
        null,
        null,
        null,
        null,
        null,
        null,
        null,
        null,
        null,
        1,
        null,
        null,
        null,
        null,
        null,
        null,
        null,
        null,
        null,
        null,
        null,
        null,
        null,
        null,
        null,
        1,
        null,
        null,
        null,
        null,
        null,
        null,
        null,
        null,
        null,
        null,
        null,
        1,
        null,
        null,
        null,
        null,
        null,
        null,
        null,
        null,
        null,
        null,
        null,
        null,
        null,
        null,
        null,
        null,
        null,
        null,
        null,
        null,
        null,
        1,
        null,
        null,
        null,
        null,
        1,
        null,
        null,
        null,
        null,
        null,
        null,
        null,
        null,
        null,
        null,
        null,
        null,
        null,
        null,
        null,
        null,
        null,
        null,
        null,
        null,
        null,
        null,
        null,
        null,
        null,
        null,
        null,
        null,
        null,
        null,
        null,
        null,
        null,
        1,
        null,
        null,
        null,
        null,
        null,
        null,
        null,
        null,
        null,
        null,
        null,
        null,
        null,
        null,
        null,
        null,
        null,
        null,
        null,
        null,
        null,
        null,
        null,
        null,
        null,
        1,
        null,
        null,
        null,
        null,
        null,
        null,
        null,
        null,
        null,
        null,
        null,
        null,
        null,
        null,
        null,
        null,
        null,
        null,
        null,
        null,
        null,
        null,
        null,
        null,
        null,
        null,
        null,
        null,
        null,
        null,
        null,
        null,
        null,
        1,
        null,
        null,
        null,
        null,
        null,
        null,
        null,
        null,
        null,
        1,
        null,
        null,
        null,
        null,
        null,
        null,
        null,
        null,
        null,
        null,
        1,
        null,
        null,
        null,
        null,
        1,
        null,
        null,
        null,
        null,
        null,
        null,
        null,
        null,
        null,
        null,
        null,
        null,
        null,
        null,
        null,
        null,
        null,
        null,
        null,
        null,
        null,
        null,
        null,
        null,
        null,
        null,
        null,
        null,
        null,
        null,
        null,
        null,
        null,
        null,
        null,
        null,
        null,
        null,
        null,
        null,
        1,
        null,
        null,
        null,
        null,
        null,
        null,
        null,
        null,
        null,
        null,
        null,
        null,
        null,
        null,
        null,
        null,
        null,
        null,
        null,
        null,
        null,
        null,
        null,
        null,
        null,
        null,
        null,
        null,
        null,
        null,
        null,
        null,
        null,
        null,
        null,
        null,
        null,
        null,
        null,
        null,
        null,
        1,
        null,
        null,
        null,
        null,
        null,
        null,
        null,
        null,
        null,
        null,
        null,
        null,
        null,
        null,
        null,
        null,
        null,
        null,
        null,
        null,
        null,
        null,
        null,
        null,
        null,
        null,
        null,
        null,
        null,
        null,
        null,
        null,
        null,
        null,
        null,
        null,
        null,
        null,
        null,
        null,
        null,
        null
      ],
      "/data/home/ubuntu/Desktop/byezzy1-290342-ruby/template-app/config/initializers/filter_parameter_logging.rb": [
        null,
        null,
        null,
        1
      ],
      "/data/home/ubuntu/Desktop/byezzy1-290342-ruby/template-app/config/initializers/inflections.rb": [
        null,
        null,
        null,
        null,
        null,
        null,
        null,
        null,
        null,
        null,
        null,
        null,
        null,
        null,
        null,
        null
      ],
      "/data/home/ubuntu/Desktop/byezzy1-290342-ruby/template-app/config/initializers/mime_types.rb": [
        null,
        null,
        null,
        null
      ],
      "/data/home/ubuntu/Desktop/byezzy1-290342-ruby/template-app/config/initializers/redis.rb": [
        null,
        null,
        null,
        null,
        null,
        null,
        1,
        0,
        null,
        1,
        null
      ],
      "/data/home/ubuntu/Desktop/byezzy1-290342-ruby/template-app/config/initializers/stripe.rb": [
        1,
        1,
        null,
        null,
        null,
        null,
        1
      ],
      "/data/home/ubuntu/Desktop/byezzy1-290342-ruby/template-app/config/initializers/wrap_parameters.rb": [
        null,
        null,
        null,
        null,
        null,
        null,
        1,
        1,
        null,
        null,
        null,
        null,
        null,
        null
      ],
      "/data/home/ubuntu/Desktop/byezzy1-290342-ruby/template-app/app/models/account_block/account.rb": [
        1,
        1,
        1,
        1,
        null,
        1,
        null,
        1,
        1,
        1,
        1,
        1,
        1,
        null,
        1,
        null,
        1,
        1,
        13,
        85,
        null,
        1,
        1,
        1,
        null,
        1,
        1,
        1,
        1,
        1,
        1,
        1,
        1,
        1,
        1,
        1,
        1,
        1,
        1,
        1,
        1,
        1,
        1,
        1,
        1,
        1,
        1,
        1,
        1,
        null,
        1,
        1,
        null,
        1,
        null,
        1,
        null,
        1,
        3275,
        3275,
        3275,
        3275,
        null,
        null,
        1,
        3275,
        1,
        null,
        null,
        null,
        1,
        2749,
        2749,
        2749,
        null,
        2749,
        null,
        null,
        1,
        3272,
        0,
        0,
        null,
        0,
        null,
        null,
        null,
        null,
        1,
        3272,
        null,
        null,
        1,
        3275,
        2,
        null,
        null,
        null,
        1,
        3275,
        0,
        null,
        null,
        null,
        1,
        3272,
        null,
        null,
        null
      ],
      "/data/home/ubuntu/Desktop/byezzy1-290342-ruby/template-app/app/models/account_block/application_record.rb": [
        1,
        1,
        1,
        null,
        null
      ],
      "/data/home/ubuntu/Desktop/byezzy1-290342-ruby/template-app/app/models/builder_base/application_record.rb": [
        1,
        1,
        1,
        1,
        null,
        null
      ],
      "/data/home/ubuntu/Desktop/byezzy1-290342-ruby/template-app/app/models/application_record.rb": [
        1,
        1,
        null
      ],
      "/data/home/ubuntu/Desktop/byezzy1-290342-ruby/template-app/app/concerns/bx_block_bulk_uploading/patch_account_block_associations.rb": [
        null,
        null,
        1,
        1,
        1,
        null,
        1,
        1,
        null,
        null,
        null
      ],
      "/data/home/ubuntu/Desktop/byezzy1-290342-ruby/template-app/app/concerns/bx_block_profile_bio/patch_account_block.rb": [
        null,
        null,
        1,
        1,
        1,
        null,
        1,
        1,
        null,
        1,
        null,
        1,
        1,
        1,
        1,
        null,
        1,
        0,
        null,
        null,
        null,
        null
      ],
      "/data/home/ubuntu/Desktop/byezzy1-290342-ruby/template-app/app/concerns/bx_block_attachment/patch_account_block_associations.rb": [
        1,
        1,
        1,
        null,
        1,
        1,
        null,
        null,
        null,
        null
      ],
      "/data/home/ubuntu/Desktop/byezzy1-290342-ruby/template-app/app/concerns/bx_block_posts/patch_account_block_associations.rb": [
        1,
        1,
        1,
        null,
        1,
        1,
        1,
        null,
        null,
        null,
        null
      ],
      "/data/home/ubuntu/Desktop/byezzy1-290342-ruby/template-app/app/concerns/bx_block_push_notifications/patch_account_block_associations.rb": [
        1,
        1,
        1,
        null,
        1,
        1,
        null,
        null,
        null,
        null,
        1,
        null,
        null,
        null,
        1,
        null,
        null,
        null
      ],
      "/data/home/ubuntu/Desktop/byezzy1-290342-ruby/template-app/app/concerns/bx_block_subscriptions/patch_account_chats_associations.rb": [
        1,
        1,
        1,
        null,
        1,
        1,
        1,
        null,
        null,
        null
      ],
      "/data/home/ubuntu/Desktop/byezzy1-290342-ruby/template-app/app/concerns/bx_block_profile/patch_account_block.rb": [
        1,
        1,
        1,
        null,
        1,
        1,
        null,
        null,
        null
      ],
      "/data/home/ubuntu/Desktop/byezzy1-290342-ruby/template-app/app/concerns/bx_block_like/patch_account_block_associations.rb": [
        1,
        1,
        1,
        null,
        1,
        1,
        null,
        null,
        null,
        null,
        null,
        null
      ],
      "/data/home/ubuntu/Desktop/byezzy1-290342-ruby/template-app/app/models/bx_block_posts/post.rb": [
        1,
        1,
        1,
        null,
        1,
        1,
        null,
        1,
        null,
        1,
        null,
        null,
        1,
        null,
        null,
        null,
        1,
        1,
        null,
        1,
        1,
        null,
        null,
        null,
        null,
        1,
        0,
        0,
        0,
        0,
        0,
        0,
        null,
        0,
        null,
        null,
        1,
        0,
        null,
        0,
        0,
        0,
        0,
        null,
        null,
        null,
        null,
        null,
        null,
        0,
        null,
        null,
        null
      ],
      "/data/home/ubuntu/Desktop/byezzy1-290342-ruby/template-app/app/models/bx_block_posts/application_record.rb": [
        1,
        1,
        1,
        null,
        null
      ],
      "/data/home/ubuntu/Desktop/byezzy1-290342-ruby/template-app/app/services/bx_block_posts/validators/blob_validator.rb": [
        1,
        null,
        1,
        1,
        1,
        1,
        0,
        null,
        0,
        0,
        0,
        0,
        null,
        null,
        null,
        null,
        0,
        0,
        null,
        null,
        null,
        null,
        null,
        null,
        null,
        0,
        0,
        null,
        null,
        null,
        null,
        1,
        null,
        1,
        0,
        null,
        null,
        null,
        null,
        1,
        0,
        null,
        null,
        null,
        null,
        1,
        0,
        null,
        0,
        null,
        0,
        null,
        0,
        null,
        0,
        null,
        0,
        null,
        null,
        null,
        null,
        null
      ],
      "/data/home/ubuntu/Desktop/byezzy1-290342-ruby/template-app/app/concerns/bx_block_like/patch_bx_block_posts_associations.rb": [
        1,
        1,
        1,
        null,
        1,
        1,
        1,
        null,
        null,
        null,
        1,
        null,
        null,
        null,
        null,
        null,
        null
      ],
      "/data/home/ubuntu/Desktop/byezzy1-290342-ruby/template-app/app/models/bx_block_location/location.rb": [
        1,
        1,
        1,
        1,
        null,
        1,
        null,
        null
      ],
      "/data/home/ubuntu/Desktop/byezzy1-290342-ruby/template-app/app/models/bx_block_location/application_record.rb": [
        1,
        1,
        1,
        null,
        null
      ],
      "/data/home/ubuntu/Desktop/byezzy1-290342-ruby/template-app/app/concerns/bx_block_profile_bio/patch_location_block.rb": [
        null,
        null,
        1,
        1,
        1,
        null,
        1,
        1,
        null,
        null,
        null
      ],
      "/data/home/ubuntu/Desktop/byezzy1-290342-ruby/template-app/app/services/bx_block_profile/update_account_validator.rb": [
        1,
        1,
        1,
        null,
        null,
        1,
        null,
        null,
        null,
        null,
        null,
        null,
        1,
        1,
        null,
        1,
        1,
        1,
        1,
        1,
        1,
        null,
        1,
        0,
        null,
        0,
        null,
        0,
        0,
        null,
        null,
        null,
        1,
        0,
        0,
        null,
        null,
        1,
        0,
        null,
        0,
        null,
        0,
        0,
        0,
        null,
        0,
        0,
        null,
        null,
        0,
        null,
        null,
        1,
        null,
        1,
        0,
        0,
        0,
        null,
        null,
        1,
        0,
        null,
        0,
        null,
        0,
        null,
        null,
        1,
        0,
        0,
        0,
        null,
        null,
        1,
        0,
        null,
        0,
        0,
        null,
        null,
        null,
        null
      ],
      "/data/home/ubuntu/Desktop/byezzy1-290342-ruby/template-app/app/services/bx_block_profile_bio/patch_update_account_validator.rb": [
        null,
        null,
        1,
        1,
        1,
        1,
        null,
        1,
        null,
        null,
        null,
        null,
        null,
        null,
        1,
        null,
        1,
        0,
        0,
        0,
        0,
        0,
        0,
        null,
        0,
        0,
        null,
        null,
        null,
        1,
        null,
        1,
        0,
        0,
        null,
        null,
        null,
        null,
        null,
        null,
        1,
        0,
        0,
        0,
        0,
        0,
        null,
        0,
        null,
        null,
        1,
        0,
        0,
        0,
        null,
        null,
        null,
        null,
        null,
        null
      ],
      "/data/home/ubuntu/Desktop/byezzy1-290342-ruby/template-app/app/concerns/bx_block_shopping_cart/patch_account_block.rb": [
        1,
        1,
        1,
        null,
        1,
        1,
        1,
        null,
        null,
        null,
        null
      ],
      "/data/home/ubuntu/Desktop/byezzy1-290342-ruby/template-app/spec/factories/account_block/account_factory.rb": [
        1,
        1,
        2761,
        2765,
        2742,
        2740,
        2765,
        null,
        null
      ],
      "/data/home/ubuntu/Desktop/byezzy1-290342-ruby/template-app/spec/factories/account_block/seller_document_factory.rb": [
        1,
        1,
        59,
        63,
        3,
        63,
        63,
        63,
        63,
        63,
        63,
        27,
        63,
        1,
        null,
        null
      ],
      "/data/home/ubuntu/Desktop/byezzy1-290342-ruby/template-app/spec/factories/account_block/sms_confirmations_factory.rb": [
        1,
        1,
        7,
        null,
        null
      ],
      "/data/home/ubuntu/Desktop/byezzy1-290342-ruby/template-app/spec/factories/account_block/suggestion_feedbacks.rb": [
        1,
        1,
        5,
        5,
        5,
        5,
        5,
        null,
        null
      ],
      "/data/home/ubuntu/Desktop/byezzy1-290342-ruby/template-app/spec/factories/account_block/user_delivery_addresses.rb": [
        1,
        1,
        7,
        7,
        7,
        7,
        7,
        7,
        7,
        4,
        7,
        7,
        1,
        null,
        null
      ],
      "/data/home/ubuntu/Desktop/byezzy1-290342-ruby/template-app/spec/factories/admin/admin_user.rb": [
        1,
        1,
        342,
        342,
        342,
        null,
        null
      ],
      "/data/home/ubuntu/Desktop/byezzy1-290342-ruby/template-app/spec/factories/bx_block_activitylog/activity_log_factory.rb": [
        1,
        1,
        3,
        3,
        3,
        3,
        1,
        1,
        null,
        null,
        null
      ],
      "/data/home/ubuntu/Desktop/byezzy1-290342-ruby/template-app/spec/factories/bx_block_catalogue/attribute_options.rb": [
        1,
        1,
        8,
        1,
        null,
        null
      ],
      "/data/home/ubuntu/Desktop/byezzy1-290342-ruby/template-app/spec/factories/bx_block_catalogue/barcodes.rb": [
        1,
        1,
        51,
        1,
        51,
        null,
        null
      ],
      "/data/home/ubuntu/Desktop/byezzy1-290342-ruby/template-app/spec/factories/bx_block_catalogue/brand_factory.rb": [
        1,
        1,
        1859,
        1859,
        1859,
        1859,
        1859,
        1,
        1856,
        1858,
        1854,
        1,
        null,
        null
      ],
      "/data/home/ubuntu/Desktop/byezzy1-290342-ruby/template-app/spec/factories/bx_block_catalogue/catalogue_contents.rb": [
        1,
        1,
        37,
        31,
        1,
        1,
        37,
        null,
        null
      ],
      "/data/home/ubuntu/Desktop/byezzy1-290342-ruby/template-app/spec/factories/bx_block_catalogue/catalogue_factory.rb": [
        1,
        1,
        988,
        990,
        990,
        940,
        975,
        990,
        957,
        945,
        1,
        1,
        1,
        691,
        null,
        1,
        989,
        989,
        null,
        null,
        null,
        null
      ],
      "/data/home/ubuntu/Desktop/byezzy1-290342-ruby/template-app/spec/factories/bx_block_catalogue/catalogue_variants_factory.rb": [
        1,
        1,
        40,
        1,
        1,
        1,
        null,
        null,
        null
      ],
      "/data/home/ubuntu/Desktop/byezzy1-290342-ruby/template-app/spec/factories/bx_block_catalogue/catelogue_offers.rb": [
        1,
        1,
        38,
        38,
        37,
        38,
        36,
        30,
        38,
        38,
        30,
        1,
        1,
        null,
        null
      ],
      "/data/home/ubuntu/Desktop/byezzy1-290342-ruby/template-app/spec/factories/bx_block_catalogue/deal_catalogues.rb": [
        1,
        1,
        1,
        1,
        73,
        93,
        null,
        1,
        1,
        null,
        null,
        null
      ],
      "/data/home/ubuntu/Desktop/byezzy1-290342-ruby/template-app/spec/factories/bx_block_catalogue/deals.rb": [
        1,
        1,
        139,
        139,
        135,
        132,
        129,
        129,
        98,
        null,
        null
      ],
      "/data/home/ubuntu/Desktop/byezzy1-290342-ruby/template-app/spec/factories/bx_block_catalogue/feature_bullets.rb": [
        1,
        1,
        12,
        1,
        null,
        null
      ],
      "/data/home/ubuntu/Desktop/byezzy1-290342-ruby/template-app/spec/factories/bx_block_catalogue/gated_brands.rb": [
        1,
        1,
        10,
        10,
        1,
        null,
        null
      ],
      "/data/home/ubuntu/Desktop/byezzy1-290342-ruby/template-app/spec/factories/bx_block_catalogue/group_attributes.rb": [
        1,
        1,
        1,
        66,
        66,
        null,
        null
      ],
      "/data/home/ubuntu/Desktop/byezzy1-290342-ruby/template-app/spec/factories/bx_block_catalogue/helpful_review_factory.rb": [
        1,
        1,
        1,
        1,
        null,
        null
      ],
      "/data/home/ubuntu/Desktop/byezzy1-290342-ruby/template-app/spec/factories/bx_block_catalogue/image_urls.rb": [
        1,
        1,
        40,
        1,
        null,
        null
      ],
      "/data/home/ubuntu/Desktop/byezzy1-290342-ruby/template-app/spec/factories/bx_block_catalogue/parent_catalogue_factory.rb": [
        1,
        1,
        989,
        989,
        988,
        989,
        1,
        1,
        989,
        989,
        988,
        null,
        null
      ],
      "/data/home/ubuntu/Desktop/byezzy1-290342-ruby/template-app/spec/factories/bx_block_catalogue/product_contents.rb": [
        1,
        1,
        268,
        null,
        268,
        166,
        268,
        268,
        268,
        268,
        268,
        165,
        268,
        268,
        268,
        268,
        1,
        null,
        1,
        267,
        267,
        null,
        267,
        267,
        null,
        null,
        null,
        null
      ],
      "/data/home/ubuntu/Desktop/byezzy1-290342-ruby/template-app/spec/factories/bx_block_catalogue/product_variant_groups.rb": [
        1,
        1,
        69,
        70,
        70,
        70,
        70,
        70,
        1,
        null,
        null
      ],
      "/data/home/ubuntu/Desktop/byezzy1-290342-ruby/template-app/spec/factories/bx_block_catalogue/restricted_brands.rb": [
        1,
        1,
        18,
        18,
        1,
        1,
        1,
        null,
        null,
        null
      ],
      "/data/home/ubuntu/Desktop/byezzy1-290342-ruby/template-app/spec/factories/bx_block_catalogue/review.rb": [
        1,
        1,
        372,
        372,
        79,
        77,
        1,
        1,
        null,
        null
      ],
      "/data/home/ubuntu/Desktop/byezzy1-290342-ruby/template-app/spec/factories/bx_block_catalogue/shipping_details.rb": [
        1,
        1,
        12,
        12,
        12,
        12,
        12,
        12,
        12,
        12,
        1,
        null,
        null
      ],
      "/data/home/ubuntu/Desktop/byezzy1-290342-ruby/template-app/spec/factories/bx_block_catalogue/size_and_capacities.rb": [
        1,
        1,
        12,
        12,
        12,
        12,
        12,
        12,
        12,
        12,
        1,
        null,
        null
      ],
      "/data/home/ubuntu/Desktop/byezzy1-290342-ruby/template-app/spec/factories/bx_block_catalogue/special_features.rb": [
        1,
        1,
        9,
        1,
        null,
        null
      ],
      "/data/home/ubuntu/Desktop/byezzy1-290342-ruby/template-app/spec/factories/bx_block_catalogue/variant_attributes.rb": [
        1,
        1,
        8,
        1,
        null,
        null
      ],
      "/data/home/ubuntu/Desktop/byezzy1-290342-ruby/template-app/spec/factories/bx_block_catalogue/warehouse_catalogues.rb": [
        1,
        1,
        1,
        1,
        1,
        4,
        null,
        null
      ],
      "/data/home/ubuntu/Desktop/byezzy1-290342-ruby/template-app/spec/factories/bx_block_catalogue/warehouses.rb": [
        1,
        1,
        60,
        60,
        61,
        61,
        61,
        61,
        61,
        1,
        null,
        null
      ],
      "/data/home/ubuntu/Desktop/byezzy1-290342-ruby/template-app/spec/factories/bx_block_categories/category.rb": [
        1,
        3796,
        null,
        null,
        1,
        1,
        1884,
        1899,
        1899,
        null,
        null
      ],
      "/data/home/ubuntu/Desktop/byezzy1-290342-ruby/template-app/spec/factories/bx_block_categories/custom_fields.rb": [
        1,
        1,
        23,
        126,
        125,
        1,
        null,
        1,
        125,
        null,
        null,
        null,
        null
      ],
      "/data/home/ubuntu/Desktop/byezzy1-290342-ruby/template-app/spec/factories/bx_block_categories/custom_fields_option_factory.rb": [
        1,
        1,
        126,
        1,
        null,
        null
      ],
      "/data/home/ubuntu/Desktop/byezzy1-290342-ruby/template-app/spec/factories/bx_block_categories/micro_categories.rb": [
        1,
        1,
        134,
        1,
        null,
        null
      ],
      "/data/home/ubuntu/Desktop/byezzy1-290342-ruby/template-app/spec/factories/bx_block_categories/mini_categories.rb": [
        1,
        1,
        146,
        1,
        null,
        null
      ],
      "/data/home/ubuntu/Desktop/byezzy1-290342-ruby/template-app/spec/factories/bx_block_categories/sub_category.rb": [
        1,
        1,
        212,
        1,
        null,
        null
      ],
      "/data/home/ubuntu/Desktop/byezzy1-290342-ruby/template-app/spec/factories/bx_block_contact_us/admin_reply.rb": [
        1,
        1,
        15,
        15,
        1,
        null,
        null
      ],
      "/data/home/ubuntu/Desktop/byezzy1-290342-ruby/template-app/spec/factories/bx_block_contact_us/contact.rb": [
        1,
        1,
        26,
        26,
        26,
        26,
        26,
        26,
        26,
        null,
        null,
        null
      ],
      "/data/home/ubuntu/Desktop/byezzy1-290342-ruby/template-app/spec/factories/bx_block_coupon_cg/coupon_code_factory.rb": [
        1,
        1,
        40,
        40,
        40,
        39,
        39,
        null,
        null,
        1,
        39,
        null,
        null
      ],
      "/data/home/ubuntu/Desktop/byezzy1-290342-ruby/template-app/spec/factories/bx_block_coupon_cg/subscribe_coupon_factory.rb": [
        1,
        1,
        null,
        null
      ],
      "/data/home/ubuntu/Desktop/byezzy1-290342-ruby/template-app/spec/factories/bx_block_custom_ads/advertisement_factory.rb": [
        1,
        1,
        15,
        15,
        15,
        12,
        15,
        15,
        15,
        null,
        null
      ],
      "/data/home/ubuntu/Desktop/byezzy1-290342-ruby/template-app/spec/factories/bx_block_dashboard/author_favorite_books.rb": [
        1,
        1,
        1,
        4,
        null,
        null
      ],
      "/data/home/ubuntu/Desktop/byezzy1-290342-ruby/template-app/spec/factories/bx_block_dashboard/banner_groups.rb": [
        1,
        1,
        85,
        null,
        null
      ],
      "/data/home/ubuntu/Desktop/byezzy1-290342-ruby/template-app/spec/factories/bx_block_dashboard/banners_factory.rb": [
        1,
        1,
        80,
        80,
        80,
        80,
        77,
        77,
        80,
        1,
        null,
        null
      ],
      "/data/home/ubuntu/Desktop/byezzy1-290342-ruby/template-app/spec/factories/bx_block_dashboard/favorite_book_catalogues.rb": [
        1,
        1,
        1,
        1,
        null,
        null
      ],
      "/data/home/ubuntu/Desktop/byezzy1-290342-ruby/template-app/spec/factories/bx_block_dashboard/header_categories.rb": [
        1,
        1,
        6,
        1,
        null,
        null
      ],
      "/data/home/ubuntu/Desktop/byezzy1-290342-ruby/template-app/spec/factories/bx_block_dashboard/most_popular_categories.rb": [
        1,
        1,
        6,
        1,
        null,
        null
      ],
      "/data/home/ubuntu/Desktop/byezzy1-290342-ruby/template-app/spec/factories/bx_block_dashboard/top_brands.rb": [
        1,
        1,
        11,
        1,
        null,
        null
      ],
      "/data/home/ubuntu/Desktop/byezzy1-290342-ruby/template-app/spec/factories/bx_block_dashboard/trending_product_selections.rb": [
        1,
        1,
        1,
        1,
        null,
        null
      ],
      "/data/home/ubuntu/Desktop/byezzy1-290342-ruby/template-app/spec/factories/bx_block_dashboard/trending_products.rb": [
        1,
        1,
        1,
        34,
        null,
        null
      ],
      "/data/home/ubuntu/Desktop/byezzy1-290342-ruby/template-app/spec/factories/bx_block_dashboard/weekly_deals.rb": [
        1,
        1,
        1,
        1,
        1,
        1,
        1,
        null,
        null
      ],
      "/data/home/ubuntu/Desktop/byezzy1-290342-ruby/template-app/spec/factories/bx_block_dashboard/weekly_homiee_deals.rb": [
        1,
        1,
        19,
        19,
        16,
        null,
        null
      ],
      "/data/home/ubuntu/Desktop/byezzy1-290342-ruby/template-app/spec/factories/bx_block_favourites/favourite_factory.rb": [
        1,
        1,
        8,
        16,
        null,
        1,
        1,
        null,
        null,
        null
      ],
      "/data/home/ubuntu/Desktop/byezzy1-290342-ruby/template-app/spec/factories/bx_block_invoicebilling/invoice_billing_factory.rb": [
        1,
        1,
        null,
        1,
        1,
        null,
        null,
        1,
        1,
        null,
        null,
        1,
        1,
        null,
        null,
        null,
        null,
        null
      ],
      "/data/home/ubuntu/Desktop/byezzy1-290342-ruby/template-app/spec/factories/bx_block_order_management/delivery_request_factory.rb": [
        1,
        1,
        1,
        14,
        1,
        1,
        null,
        1,
        1,
        null,
        14,
        14,
        14,
        null,
        1,
        13,
        13,
        null,
        null,
        null,
        null
      ],
      "/data/home/ubuntu/Desktop/byezzy1-290342-ruby/template-app/spec/factories/bx_block_order_management/order_status_factory.rb": [
        1,
        1,
        1,
        18,
        null,
        null,
        null
      ],
      "/data/home/ubuntu/Desktop/byezzy1-290342-ruby/template-app/spec/factories/bx_block_order_management/stock_intakes.rb": [
        1,
        1,
        1,
        6,
        6,
        6,
        6,
        null,
        null
      ],
      "/data/home/ubuntu/Desktop/byezzy1-290342-ruby/template-app/spec/factories/bx_block_order_management/wms_consignment_orders_factory.rb": [
        1,
        1,
        1,
        1,
        1,
        1,
        1,
        null,
        null
      ],
      "/data/home/ubuntu/Desktop/byezzy1-290342-ruby/template-app/spec/factories/bx_block_order_management/wms_event_updates_factory.rb": [
        1,
        1,
        1,
        1,
        1,
        1,
        1,
        1,
        1,
        1,
        1,
        1,
        null,
        null
      ],
      "/data/home/ubuntu/Desktop/byezzy1-290342-ruby/template-app/spec/factories/bx_block_order_management/wms_product_infos.rb": [
        1,
        1,
        1,
        1,
        1,
        1,
        null,
        null
      ],
      "/data/home/ubuntu/Desktop/byezzy1-290342-ruby/template-app/spec/factories/bx_block_salesreporting/product_views.rb": [
        1,
        1,
        1,
        1,
        2,
        null,
        null
      ],
      "/data/home/ubuntu/Desktop/byezzy1-290342-ruby/template-app/spec/factories/bx_block_seo_setting/seo_setting_factory.rb": [
        1,
        1,
        4,
        null,
        null
      ],
      "/data/home/ubuntu/Desktop/byezzy1-290342-ruby/template-app/spec/factories/bx_block_shopping_cart/order_items_factory.rb": [
        1,
        1,
        165,
        158,
        166,
        166,
        1,
        1,
        1,
        null,
        null,
        null
      ],
      "/data/home/ubuntu/Desktop/byezzy1-290342-ruby/template-app/spec/factories/bx_block_shopping_cart/orders_factory.rb": [
        1,
        1,
        206,
        206,
        206,
        206,
        206,
        null,
        1,
        1,
        null,
        null,
        1,
        1,
        null,
        null,
        null
      ],
      "/data/home/ubuntu/Desktop/byezzy1-290342-ruby/template-app/spec/factories/bx_block_shopping_cart/return_exchange_requests.rb": [
        1,
        1,
        11,
        11,
        11,
        11,
        null,
        1,
        1,
        null,
        1,
        1,
        null,
        null,
        null
      ],
      "/data/home/ubuntu/Desktop/byezzy1-290342-ruby/template-app/spec/factories/bx_block_shopping_cart/return_reason_details.rb": [
        1,
        1,
        16,
        16,
        16,
        null,
        null,
        null,
        null,
        null
      ],
      "/data/home/ubuntu/Desktop/byezzy1-290342-ruby/template-app/spec/factories/bx_block_shopping_cart/shipped_order_details.rb": [
        1,
        1,
        7,
        7,
        7,
        1,
        1,
        null,
        null,
        null
      ],
      "/data/home/ubuntu/Desktop/byezzy1-290342-ruby/template-app/spec/factories/bx_block_store_management/store_dashboard_sections_factory.rb": [
        1,
        1,
        1,
        1,
        3,
        4,
        4,
        1,
        null,
        null
      ],
      "/data/home/ubuntu/Desktop/byezzy1-290342-ruby/template-app/spec/factories/bx_block_store_management/store_menus.rb": [
        1,
        1,
        5,
        null,
        7,
        7,
        1,
        null,
        null
      ],
      "/data/home/ubuntu/Desktop/byezzy1-290342-ruby/template-app/spec/factories/bx_block_store_management/store_section_grids_factory.rb": [
        1,
        1,
        1,
        3,
        1,
        3,
        1,
        null,
        null
      ],
      "/data/home/ubuntu/Desktop/byezzy1-290342-ruby/template-app/spec/factories/bx_block_store_management/stores.rb": [
        1,
        1,
        23,
        23,
        23,
        23,
        23,
        20,
        1,
        null,
        null
      ],
      "/data/home/ubuntu/Desktop/byezzy1-290342-ruby/template-app/spec/factories/bx_block_support/social_platforms.rb": [
        1,
        1,
        4,
        4,
        5,
        null,
        null
      ],
      "/data/home/ubuntu/Desktop/byezzy1-290342-ruby/template-app/spec/factories/bx_block_support/static_pages.rb": [
        1,
        1,
        7,
        11,
        11,
        null,
        null
      ],
      "/data/home/ubuntu/Desktop/byezzy1-290342-ruby/template-app/spec/factories/bx_block_support/support_documents.rb": [
        1,
        1,
        12,
        12,
        null,
        null
      ],
      "/data/home/ubuntu/Desktop/byezzy1-290342-ruby/template-app/spec/factories/bx_block_support/supports.rb": [
        1,
        1,
        7,
        7,
        7,
        7,
        null,
        null
      ],
      "/data/home/ubuntu/Desktop/byezzy1-290342-ruby/template-app/spec/factories/bx_block_termsandconditions/privacy_nad_legal_policies.rb": [
        1,
        1,
        7,
        7,
        7,
        null,
        null
      ],
      "/data/home/ubuntu/Desktop/byezzy1-290342-ruby/template-app/spec/factories/bx_block_termsandconditions/seller_static_pages.rb": [
        1,
        1,
        18,
        22,
        14,
        20,
        null,
        null
      ],
      "/data/home/ubuntu/Desktop/byezzy1-290342-ruby/template-app/spec/factories/bx_block_termsandconditions/terms_policy_factory.rb": [
        1,
        1,
        7,
        7,
        null,
        null
      ],
      "/data/home/ubuntu/Desktop/byezzy1-290342-ruby/template-app/app/controllers/application_controller.rb": [
        1,
        937,
        null
      ],
      "/data/home/ubuntu/Desktop/byezzy1-290342-ruby/template-app/app/helpers/bx_block_profile_bio/application_helper.rb": [
        null,
        null,
        1,
        1,
        null,
        null
      ],
      "/data/home/ubuntu/Desktop/byezzy1-290342-ruby/template-app/app/helpers/bx_block_stripe_integration/application_helper.rb": [
        1,
        1,
        null,
        null
      ],
      "/data/home/ubuntu/Desktop/byezzy1-290342-ruby/template-app/config/routes.rb": [
        1,
        1,
        1,
        1,
        1,
        null,
        null,
        1,
        1,
        null,
        null,
        1,
        1,
        1,
        1,
        1,
        1,
        1,
        1,
        1,
        1,
        1,
        null,
        null,
        null,
        1,
        1,
        null,
        1,
        1,
        1,
        null,
        1,
        1,
        null,
        null,
        1,
        1,
        1,
        1,
        1,
        1,
        1,
        1,
        1,
        1,
        null,
        null,
        1,
        1,
        null,
        null,
        null,
        null,
        null,
        1,
        1,
        null,
        1,
        null,
        1,
        null,
        null,
        1,
        null,
        1,
        1,
        1,
        1,
        1,
        1,
        1,
        1,
        1,
        1,
        1,
        1,
        null,
        1,
        1,
        1,
        1,
        1,
        1,
        null,
        1,
        1,
        1,
        1,
        1,
        1,
        1,
        1,
        1,
        1,
        1,
        null,
        1,
        1,
        null,
        null,
        1,
        null,
        1,
        null,
        1,
        1,
        1,
        1,
        1,
        1,
        1,
        1,
        1,
        1,
        null,
        null,
        1,
        1,
        null,
        null,
        1,
        1,
        1,
        1,
        1,
        1,
        null,
        null,
        1,
        1,
        null,
        null,
        null,
        1,
        1,
        1,
        1,
        null,
        1,
        null,
        null,
        1,
        1,
        1,
        null,
        1,
        1,
        1,
        null,
        1,
        null,
        null,
        1,
        1,
        1,
        1,
        1,
        1,
        1,
        1,
        1,
        null,
        1,
        1,
        null,
        null,
        null,
        null,
        1,
        1,
        1,
        1,
        1,
        1,
        null,
        1,
        1,
        null,
        1,
        1,
        null,
        1,
        1,
        1,
        1,
        1,
        1,
        1,
        1,
        null,
        null,
        null,
        1,
        1,
        1,
        1,
        1,
        null,
        null,
        null,
        null,
        1,
        1,
        null,
        null,
        1,
        1,
        null,
        null,
        1,
        1,
        1,
        1,
        null,
        1,
        1,
        1,
        1,
        1,
        1,
        1,
        null,
        1,
        1,
        1,
        null,
        null,
        1,
        1,
        1,
        null,
        1,
        1,
        1,
        1,
        1,
        1,
        1,
        1,
        null,
        null,
        null,
        1,
        1,
        1,
        1,
        1,
        null,
        null,
        1,
        1,
        null,
        null,
        1,
        1,
        1,
        1,
        null,
        null,
        null,
        null,
        1,
        1,
        1,
        null,
        1,
        1,
        null,
        null,
        null
      ],
      "/data/home/ubuntu/Desktop/byezzy1-290342-ruby/template-app/app/models/admin_user.rb": [
        1,
        null,
        null,
        1,
        null,
        null
      ],
      "/data/home/ubuntu/Desktop/byezzy1-290342-ruby/template-app/app/admin/activity_logs.rb": [
        1,
        null,
        1,
        null,
        1,
        1,
        1,
        1,
        1,
        1,
        1,
        1,
        null,
        null,
        1,
        1,
        1,
        1,
        1,
        null,
        1,
        1,
        1,
        1,
        1,
        1,
        1,
        1,
        null,
        null,
        null,
        null
      ],
      "/data/home/ubuntu/Desktop/byezzy1-290342-ruby/template-app/app/models/bx_block_activitylog/activity_log.rb": [
        1,
        1,
        1,
        1,
        null,
        1,
        1,
        null,
        1,
        null,
        1,
        26,
        25,
        25,
        25,
        null,
        null,
        null,
        null
      ],
      "/data/home/ubuntu/Desktop/byezzy1-290342-ruby/template-app/app/models/bx_block_activitylog/application_record.rb": [
        1,
        1,
        1,
        null,
        null
      ],
      "/data/home/ubuntu/Desktop/byezzy1-290342-ruby/template-app/app/admin/admin_reply.rb": [
        1,
        1,
        1,
        null,
        1,
        1,
        1,
        1,
        2,
        null,
        1,
        2,
        null,
        1,
        2,
        2,
        null,
        0,
        null,
        null,
        1,
        null,
        null,
        1,
        1,
        1,
        1,
        null,
        1,
        1,
        1,
        1,
        null,
        0,
        null,
        null,
        1,
        1,
        null,
        null,
        null,
        1,
        2,
        2,
        2,
        2,
        null,
        2,
        null,
        null,
        1,
        1,
        1,
        1,
        null,
        null,
        null,
        1,
        null,
        1,
        2,
        null,
        null,
        null
      ],
      "/data/home/ubuntu/Desktop/byezzy1-290342-ruby/template-app/app/models/bx_block_contact_us/admin_reply.rb": [
        1,
        1,
        1,
        1,
        1,
        1,
        null,
        null
      ],
      "/data/home/ubuntu/Desktop/byezzy1-290342-ruby/template-app/app/models/bx_block_contact_us/application_record.rb": [
        1,
        1,
        1,
        null,
        null
      ],
      "/data/home/ubuntu/Desktop/byezzy1-290342-ruby/template-app/app/admin/admin_users.rb": [
        1,
        1,
        1,
        1,
        1,
        null,
        null,
        1,
        null,
        null,
        null,
        null,
        null,
        null,
        1,
        null,
        null,
        null,
        1,
        1,
        1,
        1,
        null,
        1,
        3,
        3,
        3,
        3,
        3,
        3,
        3,
        null,
        null,
        1,
        1,
        1,
        1,
        null,
        1,
        1,
        1,
        1,
        1,
        null,
        1,
        null,
        null,
        null
      ],
      "/data/home/ubuntu/Desktop/byezzy1-290342-ruby/template-app/app/admin/advertisements.rb": [
        1,
        294,
        1,
        null,
        1,
        8,
        8,
        8,
        8,
        8,
        null,
        8,
        8,
        8,
        8,
        8,
        null,
        null,
        1,
        1,
        25,
        1,
        1,
        1,
        1,
        null,
        1,
        2,
        2,
        2,
        2,
        2,
        2,
        0,
        null,
        2,
        null,
        2,
        2,
        null,
        2,
        null,
        null,
        1,
        1,
        1,
        1,
        1,
        1,
        null,
        1,
        1,
        1,
        1,
        1,
        null,
        1,
        null,
        null,
        null
      ],
      "/data/home/ubuntu/Desktop/byezzy1-290342-ruby/template-app/app/models/bx_block_custom_ads/advertisement.rb": [
        1,
        1,
        null,
        1,
        null,
        null,
        1,
        1,
        null,
        1,
        null,
        1,
        null,
        null,
        null,
        null,
        null,
        null,
        null,
        null,
        null,
        null,
        null,
        null,
        null,
        1,
        1,
        null,
        1,
        null,
        1,
        15,
        null,
        null,
        1,
        15,
        null,
        15,
        1,
        14,
        0,
        null,
        null,
        null,
        null
      ],
      "/data/home/ubuntu/Desktop/byezzy1-290342-ruby/template-app/app/models/bx_block_custom_ads/application_record.rb": [
        1,
        1,
        1,
        null,
        null
      ],
      "/data/home/ubuntu/Desktop/byezzy1-290342-ruby/template-app/app/admin/author_favorite_books.rb": [
        1,
        1,
        1,
        null,
        1,
        1,
        null,
        1,
        1,
        1,
        1,
        1,
        1,
        5,
        null,
        null,
        1,
        null,
        null,
        1,
        1,
        1,
        1,
        null,
        null,
        1,
        1,
        9,
        1,
        8,
        null,
        1,
        8,
        null,
        1,
        8,
        null,
        1,
        8,
        null,
        null,
        null,
        null,
        null,
        null
      ],
      "/data/home/ubuntu/Desktop/byezzy1-290342-ruby/template-app/app/models/bx_block_dashboard/author_favorite_book.rb": [
        1,
        1,
        1,
        null,
        1,
        1,
        1,
        1,
        1,
        null,
        1,
        null,
        1,
        63,
        7,
        null,
        7,
        7,
        null,
        null,
        1,
        7,
        null,
        null,
        1,
        7,
        null,
        null,
        null
      ],
      "/data/home/ubuntu/Desktop/byezzy1-290342-ruby/template-app/app/models/bx_block_dashboard/application_record.rb": [
        1,
        1,
        1,
        null,
        null
      ],
      "/data/home/ubuntu/Desktop/byezzy1-290342-ruby/template-app/app/admin/banners.rb": [
        1,
        1,
        1,
        null,
        1,
        null,
        1,
        1,
        1,
        16,
        61,
        61,
        541,
        136,
        61,
        361,
        1,
        1,
        null,
        1,
        30,
        null,
        null,
        1,
        15,
        15,
        15,
        15,
        45,
        null,
        15,
        15,
        15,
        45,
        null,
        15,
        15,
        45,
        null,
        15,
        null,
        null,
        1,
        1,
        1,
        1,
        1,
        null,
        1,
        1,
        1,
        1,
        null,
        1,
        1,
        1,
        null,
        1,
        1,
        1,
        null,
        null,
        1,
        1,
        0,
        null,
        null,
        1,
        1,
        0,
        null,
        null,
        1,
        1,
        0,
        null,
        null,
        null,
        null,
        null,
        null,
        1,
        1,
        1,
        1,
        1,
        4,
        1,
        1,
        null,
        0,
        null,
        1,
        36,
        9,
        4,
        5,
        1,
        1,
        null,
        null,
        1,
        null,
        null,
        null
      ],
      "/data/home/ubuntu/Desktop/byezzy1-290342-ruby/template-app/app/models/bx_block_dashboard/banner.rb": [
        1,
        1,
        1,
        null,
        1,
        null,
        null,
        null,
        null,
        null,
        1,
        null,
        null,
        null,
        null,
        null,
        1,
        null,
        1,
        null,
        1,
        null,
        93,
        null,
        91,
        null,
        1,
        1,
        1,
        1,
        null,
        90,
        90,
        null,
        1,
        null,
        1,
        79,
        0,
        null,
        null,
        null,
        1,
        79,
        79,
        0,
        null,
        null,
        null,
        null,
        null
      ],
      "/data/home/ubuntu/Desktop/byezzy1-290342-ruby/template-app/app/admin/barcodes.rb": [
        1,
        1,
        null,
        294,
        null,
        1,
        1,
        null,
        1,
        23,
        1,
        null,
        1,
        null,
        null,
        1,
        1,
        1,
        null,
        null,
        null,
        1,
        1,
        null,
        1,
        2,
        null,
        null,
        null,
        null,
        null
      ],
      "/data/home/ubuntu/Desktop/byezzy1-290342-ruby/template-app/app/models/bx_block_catalogue/barcode.rb": [
        1,
        1,
        1,
        null,
        1,
        1,
        1,
        null,
        null
      ],
      "/data/home/ubuntu/Desktop/byezzy1-290342-ruby/template-app/app/models/bx_block_catalogue/application_record.rb": [
        1,
        1,
        1,
        null,
        null
      ],
      "/data/home/ubuntu/Desktop/byezzy1-290342-ruby/template-app/app/admin/brand.rb": [
        1,
        1,
        1,
        null,
        109,
        1,
        1,
        1,
        1,
        1,
        null,
        1,
        1,
        null,
        1,
        1,
        1,
        1,
        1,
        null,
        null,
        1,
        1,
        1,
        1,
        1,
        null,
        1,
        1,
        0,
        null,
        null,
        1,
        1,
        1,
        1,
        null,
        null,
        null,
        1,
        9,
        9,
        9,
        9,
        9,
        9,
        9,
        9,
        9,
        null,
        null,
        1,
        1,
        12,
        1,
        1,
        0,
        null,
        1,
        null,
        1,
        1,
        1,
        0,
        null,
        1,
        null,
        1,
        1,
        null,
        1,
        null,
        null,
        1,
        1,
        2,
        null,
        2,
        1,
        null,
        null,
        1,
        null,
        null,
        null,
        null,
        null
      ],
      "/data/home/ubuntu/Desktop/byezzy1-290342-ruby/template-app/app/models/bx_block_catalogue/brand.rb": [
        1,
        1,
        1,
        1,
        1,
        1,
        1,
        1,
        null,
        1,
        null,
        1,
        1,
        null,
        1,
        1,
        1,
        1,
        1,
        1,
        1,
        1,
        1,
        1,
        null,
        1,
        1853,
        null,
        null,
        1,
        5,
        3,
        null,
        null,
        null,
        1,
        10,
        null,
        null,
        1,
        2,
        2,
        null,
        null,
        null,
        null,
        null
      ],
      "/data/home/ubuntu/Desktop/byezzy1-290342-ruby/template-app/app/admin/buyer_accounts.rb": [
        1,
        null,
        1,
        18,
        null,
        null,
        1,
        null,
        1,
        1,
        1,
        1,
        1,
        1,
        1,
        1,
        1,
        1,
        null,
        null,
        1,
        null,
        1,
        9,
        9,
        9,
        9,
        9,
        9,
        9,
        9,
        9,
        9,
        9,
        null,
        null,
        1,
        2,
        2,
        2,
        2,
        2,
        2,
        2,
        2,
        2,
        2,
        2,
        null,
        null,
        null,
        1,
        1,
        1,
        1,
        1,
        1,
        1,
        1,
        1,
        null,
        1,
        null,
        null
      ],
      "/data/home/ubuntu/Desktop/byezzy1-290342-ruby/template-app/app/admin/catalogue_contents.rb": [
        1,
        1,
        null,
        294,
        null,
        1,
        1,
        1,
        1,
        1,
        1,
        null,
        null,
        1,
        null,
        null,
        1,
        1,
        null,
        1,
        1,
        0,
        null,
        2,
        null,
        null,
        null,
        null,
        null
      ],
      "/data/home/ubuntu/Desktop/byezzy1-290342-ruby/template-app/app/models/bx_block_catalogue/catalogue_content.rb": [
        1,
        1,
        1,
        1,
        1,
        1,
        null,
        null
      ],
      "/data/home/ubuntu/Desktop/byezzy1-290342-ruby/template-app/app/admin/catalogue_offers.rb": [
        1,
        1,
        null,
        294,
        null,
        1,
        1,
        null,
        1,
        1,
        1,
        1,
        1,
        1,
        1,
        1,
        null,
        1,
        1,
        22,
        0,
        null,
        22,
        null,
        null,
        null,
        1,
        1,
        null,
        null,
        1,
        1,
        1,
        1,
        null,
        null,
        null,
        1,
        1,
        null,
        1,
        1,
        1,
        null,
        null,
        1,
        0,
        null,
        null,
        null,
        null,
        null,
        null
      ],
      "/data/home/ubuntu/Desktop/byezzy1-290342-ruby/template-app/app/models/bx_block_catalogue/catalogue_offer.rb": [
        1,
        1,
        1,
        1,
        1,
        45,
        null,
        1,
        1,
        null,
        1,
        null,
        44,
        null,
        1,
        216,
        null,
        null,
        1,
        43,
        null,
        null,
        null,
        43,
        null,
        null,
        1,
        null,
        1,
        5,
        null,
        null,
        1,
        38,
        null,
        2,
        null,
        null,
        1,
        10,
        1,
        null,
        null,
        null,
        null
      ],
      "/data/home/ubuntu/Desktop/byezzy1-290342-ruby/template-app/app/admin/catalogues.rb": [
        1,
        null,
        1,
        null,
        1,
        null,
        1,
        null,
        1,
        35,
        null,
        null,
        1,
        19,
        null,
        null,
        19,
        19,
        19,
        19,
        19,
        73,
        20,
        21,
        1,
        1,
        235,
        1,
        1,
        1,
        1,
        0,
        null,
        null,
        1,
        0,
        null,
        null,
        1,
        1,
        1,
        1,
        1,
        null,
        1,
        18,
        18,
        18,
        18,
        153,
        null,
        18,
        153,
        null,
        18,
        153,
        null,
        18,
        18,
        18,
        18,
        18,
        153,
        153,
        153,
        2,
        null,
        151,
        null,
        null,
        null,
        null,
        1,
        1,
        1,
        null,
        null,
        1,
        1,
        1,
        null,
        null,
        1,
        2,
        null,
        2,
        null,
        null,
        2,
        2,
        2,
        null,
        2,
        2,
        1,
        null,
        1,
        null,
        2,
        2,
        2,
        2,
        26,
        2,
        2,
        null,
        null,
        2,
        null,
        null,
        1,
        4,
        4,
        4,
        1,
        null,
        4,
        4,
        4,
        4,
        4,
        4,
        null,
        null,
        4,
        4,
        null,
        4,
        4,
        null,
        4,
        4,
        4,
        4,
        4,
        4,
        4,
        4,
        4,
        4,
        4,
        4,
        4,
        null,
        null,
        4,
        4,
        4,
        4,
        null,
        null,
        4,
        4,
        null,
        null,
        4,
        4,
        null,
        null,
        4,
        4,
        null,
        null,
        null,
        null,
        4,
        4,
        4,
        4,
        4,
        4,
        null,
        null,
        null,
        4,
        null,
        4,
        4,
        2,
        2,
        2,
        2,
        2,
        2,
        null,
        2,
        2,
        2,
        2,
        null,
        2,
        2,
        null,
        2,
        2,
        2,
        2,
        2,
        null,
        null,
        2,
        2,
        null,
        null,
        null,
        null,
        null,
        4,
        4,
        4,
        1,
        1,
        1,
        1,
        null,
        null,
        null,
        null,
        null,
        4,
        4,
        4,
        4,
        4,
        4,
        0,
        null,
        null,
        4,
        3,
        null,
        4,
        null,
        null,
        4,
        4,
        4,
        2,
        2,
        null,
        2,
        2,
        2,
        2,
        null,
        null,
        2,
        2,
        null,
        null,
        null,
        null,
        null,
        4,
        4,
        4,
        1,
        1,
        1,
        1,
        1,
        1,
        1,
        1,
        1,
        1,
        null,
        null,
        3,
        3,
        null,
        null,
        null,
        null,
        4,
        4,
        4,
        1,
        1,
        1,
        1,
        null,
        null,
        3,
        3,
        null,
        null,
        null,
        null,
        4,
        null,
        null,
        null,
        1,
        4,
        1,
        null,
        3,
        null,
        null,
        null,
        null
      ],
      "/data/home/ubuntu/Desktop/byezzy1-290342-ruby/template-app/app/models/bx_block_catalogue/catalogue.rb": [
        1,
        1,
        1,
        null,
        1,
        null,
        null,
        null,
        1,
        null,
        1,
        null,
        null,
        null,
        1,
        1,
        1,
        1,
        null,
        1,
        1,
        1,
        null,
        1,
        null,
        1345,
        1345,
        1,
        null,
        null,
        1,
        1,
        1,
        1,
        null,
        1,
        null,
        1,
        null,
        1,
        1,
        null,
        1,
        null,
        null,
        1,
        null,
        1,
        null,
        null,
        1,
        null,
        1,
        1,
        1,
        1,
        null,
        1,
        null,
        1,
        null,
        1,
        1,
        1,
        1,
        1,
        1,
        null,
        1,
        1,
        1,
        null,
        1,
        null,
        1,
        1,
        1,
        1,
        1324,
        null,
        1,
        1,
        null,
        1,
        1,
        1,
        1,
        15,
        2,
        2,
        null,
        1,
        9,
        9,
        null,
        null,
        1,
        1911,
        null,
        null,
        1,
        327,
        327,
        327,
        null,
        null,
        1,
        1282,
        1282,
        1276,
        1276,
        1276,
        136,
        121,
        121,
        121,
        null,
        1140,
        null,
        null,
        1,
        2299,
        null,
        null,
        1,
        1023,
        1023,
        null,
        1023,
        1023,
        null,
        1023,
        null,
        910,
        null,
        0,
        null,
        null,
        1,
        1023,
        113,
        113,
        null,
        86,
        null,
        null,
        910,
        null,
        null,
        1,
        null,
        1,
        1323,
        null,
        null,
        1,
        1323,
        null,
        292,
        null,
        null,
        1,
        1342,
        null,
        1342,
        null,
        1,
        null,
        null,
        1,
        1323,
        1323,
        null,
        null,
        1,
        9,
        9,
        9,
        9,
        9,
        null,
        null,
        9,
        null,
        null,
        1,
        996,
        null,
        null,
        1,
        996,
        null,
        null,
        1,
        1323,
        null,
        1323,
        1323,
        1323,
        1323,
        null,
        1323,
        1323,
        null,
        397,
        462,
        462,
        304,
        null,
        null,
        null,
        null,
        1,
        1323,
        1,
        null,
        null,
        1322,
        1,
        null,
        null,
        null,
        null,
        null,
        null
      ],
      "/data/home/ubuntu/Desktop/byezzy1-290342-ruby/template-app/app/admin/categories.rb": [
        1,
        null,
        1,
        null,
        null,
        1,
        8,
        null,
        8,
        null,
        8,
        1,
        1,
        null,
        null,
        null,
        1,
        7,
        7,
        7,
        7,
        94,
        null,
        7,
        94,
        null,
        7,
        7,
        7,
        null,
        null,
        1,
        1,
        1,
        1,
        1,
        0,
        null,
        1,
        null,
        null,
        1,
        0,
        null,
        1,
        null,
        null,
        null,
        1,
        1,
        1,
        1,
        1,
        null,
        null,
        null,
        1,
        null,
        null,
        1,
        null,
        1,
        1,
        null,
        1,
        1,
        1,
        1,
        1,
        null,
        1,
        1,
        null,
        1,
        1,
        null,
        null,
        null,
        1,
        1,
        1,
        null,
        1,
        1,
        1,
        1,
        1,
        null,
        null,
        null,
        null,
        null,
        null,
        null,
        1,
        1,
        1,
        1,
        1,
        1,
        null,
        1,
        1,
        1,
        1,
        1,
        1,
        1,
        1,
        null,
        null,
        null,
        null,
        null,
        null,
        1,
        1,
        1,
        1,
        1,
        1,
        1,
        null,
        null,
        null,
        null,
        null,
        null,
        null,
        1,
        1,
        1,
        1,
        1,
        1,
        null,
        1,
        1,
        1,
        1,
        1,
        1,
        1,
        1,
        null,
        null,
        null,
        null,
        null,
        null,
        1,
        1,
        1,
        1,
        1,
        2,
        1,
        1,
        null,
        null,
        null,
        null,
        null,
        null,
        1,
        1,
        1,
        1,
        1,
        1,
        null,
        1,
        1,
        1,
        1,
        1,
        1,
        1,
        1,
        null,
        null,
        null,
        null,
        null,
        null,
        1,
        1,
        1,
        1,
        1,
        2,
        1,
        1,
        null,
        null,
        null,
        null,
        null,
        null,
        null,
        null,
        null,
        null,
        null
      ],
      "/data/home/ubuntu/Desktop/byezzy1-290342-ruby/template-app/app/models/bx_block_categories/category.rb": [
        1,
        1,
        1,
        null,
        1,
        1,
        1,
        null,
        1,
        null,
        1,
        1,
        1,
        null,
        1,
        null,
        1,
        null,
        1,
        1,
        1,
        null,
        1,
        1,
        null,
        1,
        null,
        1,
        1896,
        null,
        null,
        null
      ],
      "/data/home/ubuntu/Desktop/byezzy1-290342-ruby/template-app/app/models/bx_block_categories/application_record.rb": [
        1,
        1,
        1,
        null,
        null
      ],
      "/data/home/ubuntu/Desktop/byezzy1-290342-ruby/template-app/app/admin/contacts.rb": [
        1,
        1,
        1,
        1,
        1,
        1,
        null,
        1,
        1,
        1,
        1,
        1,
        1,
        1,
        3,
        null,
        1,
        3,
        2,
        null,
        1,
        null,
        null,
        1,
        1,
        1,
        3,
        null,
        null,
        null,
        1,
        2,
        2,
        2,
        2,
        2,
        2,
        null,
        2,
        2,
        2,
        1,
        null,
        1,
        null,
        null,
        2,
        2,
        null,
        null,
        null,
        1,
        1,
        1,
        1,
        4,
        1,
        1,
        null,
        1,
        null,
        null,
        null,
        null
      ],
      "/data/home/ubuntu/Desktop/byezzy1-290342-ruby/template-app/app/models/bx_block_contact_us/contact.rb": [
        1,
        1,
        1,
        1,
        1,
        1,
        1,
        1,
        null,
        null
      ],
      "/data/home/ubuntu/Desktop/byezzy1-290342-ruby/template-app/app/admin/coupons.rb": [
        1,
        294,
        1,
        1,
        null,
        1,
        1,
        1,
        null,
        null,
        null,
        1,
        1,
        1,
        null,
        null,
        1,
        2,
        null,
        null,
        1,
        1,
        null,
        null,
        null,
        1,
        2,
        2,
        2,
        2,
        2,
        2,
        2,
        null,
        2,
        null,
        null,
        1,
        1,
        1,
        1,
        1,
        1,
        1,
        1,
        1,
        1,
        1,
        null,
        1,
        1,
        null,
        null,
        null,
        null,
        null,
        1,
        1,
        1,
        1,
        1,
        1,
        1,
        1,
        null,
        null,
        null
      ],
      "/data/home/ubuntu/Desktop/byezzy1-290342-ruby/template-app/app/models/bx_block_coupon_cg/coupon_code.rb": [
        1,
        1,
        1,
        null,
        null,
        1,
        null,
        null,
        1,
        1,
        1,
        1,
        1,
        null,
        1,
        1,
        1,
        1,
        null,
        null,
        2,
        null,
        1,
        null,
        1,
        61,
        40,
        1,
        null,
        null,
        null,
        null,
        null,
        null,
        null,
        null,
        null,
        null,
        null,
        null,
        null,
        null,
        null,
        null,
        null,
        null,
        null,
        null,
        null,
        null,
        null,
        null,
        null,
        null,
        null,
        null,
        null,
        null,
        null,
        null,
        null
      ],
      "/data/home/ubuntu/Desktop/byezzy1-290342-ruby/template-app/app/models/bx_block_coupon_cg/application_record.rb": [
        1,
        1,
        1,
        null,
        null
      ],
      "/data/home/ubuntu/Desktop/byezzy1-290342-ruby/template-app/app/admin/custom_fields.rb": [
        1,
        null,
        294,
        null,
        null
      ],
      "/data/home/ubuntu/Desktop/byezzy1-290342-ruby/template-app/app/models/bx_block_categories/custom_field.rb": [
        1,
        1,
        1,
        1,
        null,
        1,
        null,
        1,
        1,
        1,
        null,
        1,
        1,
        1,
        1,
        null,
        1,
        null,
        1,
        128,
        0,
        null,
        null,
        null,
        1,
        128,
        2,
        null,
        null,
        null,
        1,
        128,
        null,
        null,
        null,
        null
      ],
      "/data/home/ubuntu/Desktop/byezzy1-290342-ruby/template-app/app/admin/dashboard.rb": [
        1,
        1,
        1,
        1,
        1,
        null,
        null,
        1,
        null,
        null,
        null,
        null,
        null,
        null,
        1,
        null,
        null,
        null,
        1,
        1,
        1,
        null,
        3,
        1,
        1,
        1,
        1,
        null,
        null,
        null,
        294,
        null,
        null
      ],
      "/data/home/ubuntu/Desktop/byezzy1-290342-ruby/template-app/app/admin/deal_catalogues.rb": [
        1,
        null,
        1,
        null,
        8,
        1,
        1,
        92,
        1,
        1,
        1,
        null,
        1,
        7,
        7,
        7,
        13,
        null,
        7,
        13,
        null,
        7,
        13,
        null,
        7,
        7,
        7,
        7,
        null,
        null,
        1,
        1,
        1,
        1,
        null,
        1,
        null,
        1,
        1,
        null,
        1,
        1,
        1,
        1,
        1,
        1,
        1,
        1,
        null,
        null,
        null,
        1,
        1,
        1,
        1,
        13,
        1,
        1,
        1,
        23,
        0,
        null,
        23,
        null,
        null,
        1,
        1,
        null,
        1,
        null,
        null,
        1,
        1,
        null,
        1,
        1,
        1,
        null,
        null,
        1,
        2,
        2,
        2,
        null,
        2,
        1,
        1,
        null,
        1,
        2,
        1,
        null,
        null,
        null,
        null,
        null
      ],
      "/data/home/ubuntu/Desktop/byezzy1-290342-ruby/template-app/app/models/bx_block_catalogue/deal_catalogue.rb": [
        1,
        1,
        1,
        1,
        1,
        1,
        null,
        207,
        null,
        1,
        1,
        null,
        1,
        null,
        5,
        null,
        1,
        null,
        1,
        1,
        null,
        1,
        100,
        null,
        null,
        null,
        100,
        null,
        null,
        1,
        null,
        1,
        null,
        1,
        102,
        null,
        null,
[...]
        1,
        1,
        1,
        null,
        1,
        13,
        0,
        null,
        null,
        null,
        1,
        13,
        null,
        26,
        null,
        null,
        null,
        null,
        1,
        13,
        null,
        null,
        1,
        13,
        null,
        null,
        1,
        13,
        null,
        null,
        1,
        13,
        null,
        null,
        null
      ],
      "/data/home/ubuntu/Desktop/byezzy1-290342-ruby/template-app/app/serializers/bx_block_catalogue/store_front_serializer.rb": [
        1,
        1,
        1,
        null,
        1,
        4,
        null,
        1,
        4,
        null,
        1,
        4,
        null,
        1,
        4,
        null,
        1,
        4,
        null,
        1,
        4,
        null,
        null,
        null
      ],
      "/data/home/ubuntu/Desktop/byezzy1-290342-ruby/template-app/app/serializers/bx_block_catalogue/store_front_listing_serializer.rb": [
        1,
        1,
        1,
        1,
        1,
        null,
        1,
        1,
        null,
        null,
        null
      ],
      "/data/home/ubuntu/Desktop/byezzy1-290342-ruby/template-app/app/serializers/bx_block_catalogue/warehouse_catalogue_serializer.rb": [
        1,
        1,
        1,
        null,
        1,
        10,
        10,
        null,
        null,
        null,
        1,
        10,
        null,
        7,
        null,
        null,
        null,
        null,
        2,
        null,
        null,
        null,
        null,
        null,
        null,
        null,
        null
      ],
      "/data/home/ubuntu/Desktop/byezzy1-290342-ruby/template-app/app/serializers/bx_block_catalogue/warehouse_serializer.rb": [
        1,
        1,
        1,
        null,
        1,
        7,
        null,
        null,
        1,
        7,
        7,
        null,
        null,
        null,
        1,
        7,
        7,
        null,
        1,
        null,
        null,
        null,
        null,
        null,
        0,
        null,
        null,
        null,
        null,
        null,
        null,
        null,
        null,
        null
      ],
      "/data/home/ubuntu/Desktop/byezzy1-290342-ruby/template-app/app/serializers/bx_block_categories/category_serializer.rb": [
        1,
        1,
        1,
        null,
        1,
        38,
        38,
        null,
        null,
        null,
        1,
        38,
        38,
        null,
        null,
        null,
        1,
        38,
        null,
        11,
        null,
        null,
        null,
        12,
        null,
        null,
        null,
        14,
        null,
        null,
        null,
        null,
        null,
        null,
        null,
        null,
        null,
        null,
        null
      ],
      "/data/home/ubuntu/Desktop/byezzy1-290342-ruby/template-app/app/serializers/bx_block_categories/mini_category_serializer.rb": [
        1,
        1,
        1,
        null,
        1,
        5,
        5,
        null,
        null,
        null,
        1,
        null,
        1,
        5,
        null,
        6,
        null,
        null,
        null,
        null,
        null,
        null,
        null
      ],
      "/data/home/ubuntu/Desktop/byezzy1-290342-ruby/template-app/app/serializers/bx_block_contact_us/contact_serializer.rb": [
        1,
        1,
        1,
        null,
        null,
        null,
        null,
        null,
        null,
        1,
        1,
        1,
        null,
        null,
        null,
        null
      ],
      "/data/home/ubuntu/Desktop/byezzy1-290342-ruby/template-app/app/serializers/bx_block_coupon_cg/coupon_code_serializer.rb": [
        1,
        1,
        1,
        null,
        null,
        null,
        null,
        null,
        null,
        null,
        null,
        null,
        null,
        null,
        null,
        null,
        null,
        null
      ],
      "/data/home/ubuntu/Desktop/byezzy1-290342-ruby/template-app/app/serializers/bx_block_coupon_cg/subscribe_coupon_serializer.rb": [
        1,
        1,
        1,
        null,
        null,
        null,
        null,
        null,
        null,
        null,
        null,
        null
      ],
      "/data/home/ubuntu/Desktop/byezzy1-290342-ruby/template-app/app/serializers/bx_block_dashboard/author_favorite_book_serializer.rb": [
        1,
        1,
        1,
        null,
        1,
        5,
        5,
        40,
        null,
        null,
        null,
        null,
        null
      ],
      "/data/home/ubuntu/Desktop/byezzy1-290342-ruby/template-app/app/serializers/bx_block_dashboard/banner_serializer.rb": [
        1,
        1,
        1,
        null,
        1,
        6,
        5,
        null,
        null,
        null,
        1,
        6,
        4,
        null,
        null,
        null,
        1,
        6,
        1,
        null,
        null,
        null,
        1,
        6,
        2,
        null,
        null,
        null,
        1,
        6,
        1,
        null,
        null,
        null,
        1,
        6,
        1,
        null,
        null,
        null,
        null
      ],
      "/data/home/ubuntu/Desktop/byezzy1-290342-ruby/template-app/app/serializers/bx_block_dashboard/header_category_serializer.rb": [
        1,
        1,
        1,
        null,
        1,
        5,
        5,
        null,
        5,
        null,
        null,
        null,
        5,
        5,
        null,
        null,
        null,
        null,
        null
      ],
      "/data/home/ubuntu/Desktop/byezzy1-290342-ruby/template-app/app/serializers/bx_block_dashboard/most_popular_category_serializer.rb": [
        1,
        1,
        1,
        null,
        1,
        5,
        5,
        null,
        null,
        null,
        null
      ],
      "/data/home/ubuntu/Desktop/byezzy1-290342-ruby/template-app/app/serializers/bx_block_dashboard/top_brand_serializer.rb": [
        1,
        1,
        1,
        null,
        1,
        5,
        5,
        null,
        null,
        null,
        null
      ],
      "/data/home/ubuntu/Desktop/byezzy1-290342-ruby/template-app/app/serializers/bx_block_dashboard/trending_product_serializer.rb": [
        1,
        1,
        1,
        null,
        1,
        3,
        3,
        null,
        null,
        1,
        3,
        3,
        18,
        null,
        null,
        null,
        null,
        null
      ],
      "/data/home/ubuntu/Desktop/byezzy1-290342-ruby/template-app/app/serializers/bx_block_dashboard/weekly_homiee_deal_serializer.rb": [
        1,
        1,
        1,
        null,
        1,
        3,
        null,
        9,
        null,
        null,
        null,
        null,
        null,
        null,
        null,
        null,
        null,
        1,
        null,
        1,
        9,
        9,
        null,
        null,
        null,
        null
      ],
      "/data/home/ubuntu/Desktop/byezzy1-290342-ruby/template-app/app/serializers/bx_block_favourites/favourite_serializer.rb": [
        1,
        1,
        1,
        null,
        null,
        null,
        null,
        null,
        null,
        null,
        1,
        5,
        5,
        null,
        null,
        null,
        1,
        5,
        null,
        1,
        null,
        null,
        null,
        null,
        null,
        1,
        null,
        null,
        0,
        null,
        null,
        null,
        null,
        null,
        null,
        null,
        null
      ],
      "/data/home/ubuntu/Desktop/byezzy1-290342-ruby/template-app/app/controllers/bx_block_forgot_password/passwords_controller.rb": [
        1,
        1,
        1,
        null,
        1,
        6,
        null,
        5,
        null,
        5,
        null,
        3,
        3,
        3,
        null,
        null,
        1,
        6,
        6,
        1,
        null,
        5,
        5,
        null,
        5,
        1,
        null,
        null,
        null,
        null,
        4,
        2,
        null,
        null,
        null,
        null,
        2,
        2,
        0,
        null,
        null,
        null,
        null,
        2,
        2,
        2,
        2,
        2,
        null,
        0,
        null,
        null,
        null,
        1,
        3,
        0,
        null,
        null,
        null,
        null,
        3,
        3,
        3,
        3,
        1,
        null,
        null,
        null,
        2,
        null,
        null,
        null,
        null,
        null,
        1,
        null,
        1,
        10,
        10,
        null,
        null,
        9,
        1,
        1,
        null,
        null,
        null,
        1,
        1,
        null,
        null,
        null,
        null,
        1,
        2,
        null,
        null,
        null,
        null,
        null,
        null,
        1,
        54,
        null,
        null,
        null,
        null,
        null,
        null,
        null,
        null,
        null,
        null,
        null,
        null
      ],
      "/data/home/ubuntu/Desktop/byezzy1-290342-ruby/template-app/app/controllers/bx_block_forgot_password/application_controller.rb": [
        1,
        1,
        null,
        null,
        null
      ],
      "/data/home/ubuntu/Desktop/byezzy1-290342-ruby/template-app/app/mailers/bx_block_forgot_password/forgot_password_mailer.rb": [
        1,
        1,
        1,
        3,
        3,
        null,
        3,
        null,
        3,
        null,
        3,
        null,
        null,
        null,
        null,
        6,
        null,
        null,
        null,
        null,
        null
      ],
      "/data/home/ubuntu/Desktop/byezzy1-290342-ruby/template-app/app/mailers/bx_block_forgot_password/application_mailer.rb": [
        1,
        1,
        1,
        1,
        null,
        null
      ],
      "/data/home/ubuntu/Desktop/byezzy1-290342-ruby/template-app/app/services/account_block/password_validation.rb": [
        1,
        1,
        1,
        null,
        1,
        null,
        1,
        1,
        null,
        null,
        null,
        null,
        null,
        null,
        null,
        1,
        null,
        null,
        1,
        0,
        null,
        null,
        1,
        0,
        null,
        null,
        null,
        null,
        null,
        null,
        1,
        null,
        null,
        null,
        null,
        1,
        2,
        null,
        null,
        null
      ],
      "/data/home/ubuntu/Desktop/byezzy1-290342-ruby/template-app/app/serializers/bx_block_invoicebilling/invoice_billing_serializer.rb": [
        1,
        1,
        1,
        null,
        1,
        1,
        1,
        null,
        null,
        null,
        null
      ],
      "/data/home/ubuntu/Desktop/byezzy1-290342-ruby/template-app/app/controllers/bx_block_login/logins_controller.rb": [
        1,
        1,
        1,
        null,
        1,
        1,
        8,
        null,
        7,
        7,
        7,
        null,
        7,
        null,
        7,
        1,
        null,
        null,
        null,
        null,
        null,
        null,
        7,
        1,
        null,
        null,
        null,
        null,
        null,
        null,
        7,
        5,
        1,
        null,
        4,
        null,
        null,
        5,
        null,
        null,
        null,
        null,
        null,
        null,
        null,
        null,
        null,
        null,
        null,
        null,
        null,
        null,
        null,
        7,
        null,
        1,
        null,
        null,
        null,
        null,
        null,
        null,
        null,
        1,
        1,
        1,
        null,
        1,
        1,
        1,
        null,
        null,
        null,
        1,
        null,
        null,
        null,
        0,
        null,
        null,
        null,
        null,
        null
      ],
      "/data/home/ubuntu/Desktop/byezzy1-290342-ruby/template-app/app/controllers/bx_block_login/application_controller.rb": [
        1,
        1,
        null,
        null,
        null
      ],
      "/data/home/ubuntu/Desktop/byezzy1-290342-ruby/template-app/app/adapters/bx_block_login/account_adapter.rb": [
        1,
        1,
        1,
        null,
        1,
        7,
        null,
        0,
        0,
        null,
        null,
        null,
        7,
        null,
        7,
        null,
        null,
        null,
        null,
        0,
        null,
        null,
        null,
        null,
        null,
        7,
        1,
        1,
        null,
        null,
        6,
        5,
        5,
        5,
        5,
        5,
        null,
        1,
        null,
        null,
        null,
        1,
        null,
        5,
        null,
        null,
        null,
        null,
        1,
        5,
        5,
        2,
        3,
        1,
        2,
        1,
        1,
        null,
        1,
        null,
        null,
        null,
        1,
        5,
        1,
        1,
        null,
        4,
        null,
        null,
        null,
        null
      ],
      "/data/home/ubuntu/Desktop/byezzy1-290342-ruby/template-app/app/models/bx_block_order_management/wms_event_update.rb": [
        1,
        1,
        1,
        null,
        null
      ],
      "/data/home/ubuntu/Desktop/byezzy1-290342-ruby/template-app/app/serializers/bx_block_order_management/delivery_request_serializer.rb": [
        1,
        1,
        1,
        null,
        1,
        3,
        null,
        null,
        1,
        3,
        null,
        null,
        null,
        null
      ],
      "/data/home/ubuntu/Desktop/byezzy1-290342-ruby/template-app/app/serializers/bx_block_order_management/order_status_serializer.rb": [
        1,
        1,
        1,
        null,
        null
      ],
      "/data/home/ubuntu/Desktop/byezzy1-290342-ruby/template-app/app/models/bx_block_order_management/stock_intake.rb": [
        1,
        1,
        1,
        1,
        1,
        null,
        1,
        1,
        1,
        null,
        1,
        null,
        1,
        11,
        2,
        null,
        null,
        null,
        1,
        11,
        0,
        null,
        null,
        null,
        null,
        null
      ],
      "/data/home/ubuntu/Desktop/byezzy1-290342-ruby/template-app/app/serializers/bx_block_order_management/stock_intake_serializer.rb": [
        1,
        1,
        1,
        null,
        1,
        5,
        null,
        null,
        1,
        5,
        null,
        null,
        null,
        null
      ],
      "/data/home/ubuntu/Desktop/byezzy1-290342-ruby/template-app/app/serializers/bx_block_salesreporting/product_view_serializer.rb": [
        1,
        1,
        1,
        null,
        null,
        null,
        null,
        null,
        null,
        null,
        null,
        1,
        2,
        null,
        null,
        1,
        2,
        null,
        null,
        null,
        null
      ],
      "/data/home/ubuntu/Desktop/byezzy1-290342-ruby/template-app/app/controllers/bx_block_seo_setting/seo_settings_controller.rb": [
        1,
        1,
        1,
        null,
        1,
        1,
        1,
        1,
        null,
        0,
        null,
        null,
        null,
        1,
        1,
        null,
        null,
        1,
        4,
        4,
        2,
        null,
        2,
        null,
        null,
        null,
        1,
        2,
        1,
        null,
        1,
        null,
        null,
        null,
        1,
        1,
        1,
        null,
        0,
        null,
        null,
        null,
        1,
        1,
        4,
        null,
        null,
        1,
        6,
        null,
        null,
        null
      ],
      "/data/home/ubuntu/Desktop/byezzy1-290342-ruby/template-app/app/controllers/bx_block_seo_setting/application_controller.rb": [
        1,
        1,
        null,
        null,
        null,
        null,
        1,
        null,
        1,
        0,
        0,
        0,
        null,
        0,
        null,
        null,
        null
      ],
      "/data/home/ubuntu/Desktop/byezzy1-290342-ruby/template-app/app/serializers/bx_block_seo_setting/seo_setting_serializer.rb": [
        1,
        1,
        1,
        null,
        null,
        null,
        null,
        null,
        null,
        null,
        null,
        null
      ],
      "/data/home/ubuntu/Desktop/byezzy1-290342-ruby/template-app/app/serializers/bx_block_shopping_cart/order_serializer.rb": [
        1,
        1,
        1,
        null,
        1,
        null,
        null,
        null,
        null,
        null,
        null,
        null,
        null,
        null,
        null,
        null,
        null,
        null,
        null,
        null,
        1,
        17,
        null,
        null,
        1,
        17,
        null,
        null,
        1,
        17,
        null,
        null,
        1,
        17,
        null,
        null,
        1,
        17,
        17,
        null,
        0,
        null,
        null,
        null,
        null,
        null,
        null,
        null,
        1,
        17,
        null,
        null,
        null,
        null,
        null,
        null,
        null,
        null,
        null,
        null,
        null,
        null,
        null,
        null
      ],
      "/data/home/ubuntu/Desktop/byezzy1-290342-ruby/template-app/app/serializers/bx_block_shopping_cart/order_item_serializer.rb": [
        1,
        1,
        null,
        1,
        null,
        null,
        null,
        null,
        null,
        null,
        null,
        null,
        null,
        null,
        1,
        22,
        null,
        null,
        1,
        null,
        22,
        22,
        null,
        2,
        null,
        null,
        null,
        null,
        2,
        null,
        null,
        null,
        null,
        null,
        null,
        null,
        null,
        null,
        1,
        22,
        0,
        null,
        null,
        null,
        1,
        22,
        0,
        null,
        null,
        null,
        null
      ],
      "/data/home/ubuntu/Desktop/byezzy1-290342-ruby/template-app/app/models/bx_block_shopping_cart/shipped_order_detail.rb": [
        1,
        1,
        1,
        null,
        1,
        1,
        1,
        null,
        null
      ],
      "/data/home/ubuntu/Desktop/byezzy1-290342-ruby/template-app/app/models/bx_block_shopping_cart/return_reason_detail.rb": [
        1,
        1,
        1,
        null,
        1,
        1,
        1,
        null,
        null
      ],
      "/data/home/ubuntu/Desktop/byezzy1-290342-ruby/template-app/app/serializers/bx_block_store_management/store_menu_serializer.rb": [
        1,
        1,
        1,
        null,
        1,
        4,
        3,
        null,
        null,
        null,
        1,
        4,
        1,
        null,
        null,
        null,
        1,
        4,
        null,
        null,
        1,
        4,
        4,
        8,
        null,
        null,
        null,
        null,
        null
      ],
      "/data/home/ubuntu/Desktop/byezzy1-290342-ruby/template-app/app/serializers/bx_block_termsandconditions/privacy_and_legal_policy_serializer.rb": [
        1,
        1,
        null,
        1,
        null,
        null
      ]
    },
    "timestamp": 1747637364
  }
}
